<?xml version="1.0" encoding="utf-8"?>
<TestRun id="1c967cd1-c701-4ff4-b33a-4e6a828b229d" name="DomingoCabezaGuerra@DESKTOP-1REV7PD 2026-05-16 19:15:46" runUser="AzureAD\DomingoCabezaGuerra" xmlns="http://microsoft.com/schemas/VisualStudio/TeamTest/2010">
  <Times creation="2026-05-16T19:15:46.0340658+01:00" queuing="2026-05-16T19:15:46.0340662+01:00" start="2026-05-16T19:15:43.5943803+01:00" finish="2026-05-16T19:15:50.2622754+01:00" />
  <TestSettings name="default" id="a4dbe0c6-a35a-41d6-a30f-d4921c00f6b1">
    <Deployment runDeploymentRoot="DomingoCabezaGuerra_DESKTOP-1REV7PD_2026-05-16_19_15_46" />
  </TestSettings>
  <Results>
    <UnitTestResult executionId="b14ce5a9-ff44-4f5a-9059-a71fae517f12" testId="b8b7379c-554d-fcfa-555f-ec67f2884629" testName="iLiniumTech.Backend.Tests.Polizas.PolizasApiTests.Demo_session_with_catalogs_permission_can_read_catalogs" computerName="DESKTOP-1REV7PD" duration="00:00:00.0956032" startTime="2026-05-16T19:15:49.4869420+01:00" endTime="2026-05-16T19:15:49.5830214+01:00" testType="13cdc9d9-ddb5-4fa4-a97d-d965ccfc6d4b" outcome="Passed" testListId="8c84fa94-04c1-424b-9868-57a2d4851a1d" relativeResultsDirectory="b14ce5a9-ff44-4f5a-9059-a71fae517f12" />
    <UnitTestResult executionId="69167162-189b-40ea-a31e-9c3a483832fe" testId="d9534c04-79fe-db51-4fe8-51cbf87c510e" testName="iLiniumTech.Backend.Tests.Polizas.PolizasApiTests.Me_rejects_demo_session_when_current_broker_is_not_allowed" computerName="DESKTOP-1REV7PD" duration="00:00:00.0621788" startTime="2026-05-16T19:15:49.1748623+01:00" endTime="2026-05-16T19:15:49.2371719+01:00" testType="13cdc9d9-ddb5-4fa4-a97d-d965ccfc6d4b" outcome="Passed" testListId="8c84fa94-04c1-424b-9868-57a2d4851a1d" relativeResultsDirectory="69167162-189b-40ea-a31e-9c3a483832fe" />
    <UnitTestResult executionId="ac5c48df-79b0-496e-aaee-1e43114ee3d2" testId="4d385bbc-f59c-f092-f2b8-ea2fcbbfeed1" testName="iLiniumTech.Backend.Tests.Polizas.AppBuilderConnectionResolverTests.Protector_decrypts_appbuilder_aes_values" computerName="DESKTOP-1REV7PD" duration="00:00:00.0012372" startTime="2026-05-16T19:15:46.1190244+01:00" endTime="2026-05-16T19:15:46.1201896+01:00" testType="13cdc9d9-ddb5-4fa4-a97d-d965ccfc6d4b" outcome="Passed" testListId="8c84fa94-04c1-424b-9868-57a2d4851a1d" relativeResultsDirectory="ac5c48df-79b0-496e-aaee-1e43114ee3d2" />
    <UnitTestResult executionId="4a2e12ba-8861-4e0a-9649-fd5d2281fde6" testId="7097b4f5-0329-805e-7d2b-c9e08227fde7" testName="iLiniumTech.Backend.Tests.Polizas.PolizasApiTests.Autos_particulares_detail_returns_autos_and_hides_other_ramos" computerName="DESKTOP-1REV7PD" duration="00:00:00.0714757" startTime="2026-05-16T19:15:49.6992191+01:00" endTime="2026-05-16T19:15:49.7709257+01:00" testType="13cdc9d9-ddb5-4fa4-a97d-d965ccfc6d4b" outcome="Passed" testListId="8c84fa94-04c1-424b-9868-57a2d4851a1d" relativeResultsDirectory="4a2e12ba-8861-4e0a-9649-fd5d2281fde6" />
    <UnitTestResult executionId="420c6971-d45f-4002-80cd-08c3e7059cfa" testId="40551f50-f54a-6b61-8602-e19271ce42d4" testName="iLiniumTech.Backend.Tests.Polizas.PolizasApiTests.Demo_session_rejects_broker_switch_outside_allowed_brokers_without_exposing_ids" computerName="DESKTOP-1REV7PD" duration="00:00:00.0951915" startTime="2026-05-16T19:15:47.9929533+01:00" endTime="2026-05-16T19:15:48.0883341+01:00" testType="13cdc9d9-ddb5-4fa4-a97d-d965ccfc6d4b" outcome="Passed" testListId="8c84fa94-04c1-424b-9868-57a2d4851a1d" relativeResultsDirectory="420c6971-d45f-4002-80cd-08c3e7059cfa" />
    <UnitTestResult executionId="0f6040ab-d27f-4cc9-ad07-bdbaa3045f34" testId="6fa9fc3a-2812-1154-ba43-c745bfff8ba5" testName="iLiniumTech.Backend.Tests.Polizas.PolizasApiTests.Health_is_anonymous" computerName="DESKTOP-1REV7PD" duration="00:00:00.0607256" startTime="2026-05-16T19:15:48.8735405+01:00" endTime="2026-05-16T19:15:48.9347102+01:00" testType="13cdc9d9-ddb5-4fa4-a97d-d965ccfc6d4b" outcome="Passed" testListId="8c84fa94-04c1-424b-9868-57a2d4851a1d" relativeResultsDirectory="0f6040ab-d27f-4cc9-ad07-bdbaa3045f34" />
    <UnitTestResult executionId="917a59f2-f3af-4a05-a906-a26cfc1311b3" testId="ffe0d561-8f90-c6a5-9e51-01f8dc9b15fd" testName="iLiniumTech.Backend.Tests.Polizas.PolizasApiTests.Me_returns_effective_polizas_context_from_configuration" computerName="DESKTOP-1REV7PD" duration="00:00:00.0670533" startTime="2026-05-16T19:15:48.0884939+01:00" endTime="2026-05-16T19:15:48.1557821+01:00" testType="13cdc9d9-ddb5-4fa4-a97d-d965ccfc6d4b" outcome="Passed" testListId="8c84fa94-04c1-424b-9868-57a2d4851a1d" relativeResultsDirectory="917a59f2-f3af-4a05-a906-a26cfc1311b3" />
    <UnitTestResult executionId="f232a4ca-4215-46b7-81f7-1b3e68a60bc8" testId="f3952790-4209-55a7-4140-ea95f87b288a" testName="iLiniumTech.Backend.Tests.Polizas.SqlServerSessionContextTests.BuildApplyQuery_clears_known_session_context_values_without_request_context" computerName="DESKTOP-1REV7PD" duration="00:00:00.0058068" startTime="2026-05-16T19:15:45.9943589+01:00" endTime="2026-05-16T19:15:45.9957060+01:00" testType="13cdc9d9-ddb5-4fa4-a97d-d965ccfc6d4b" outcome="Passed" testListId="8c84fa94-04c1-424b-9868-57a2d4851a1d" relativeResultsDirectory="f232a4ca-4215-46b7-81f7-1b3e68a60bc8" />
    <UnitTestResult executionId="a6002aa3-cb46-49dd-9b93-7f3be9429633" testId="e1c874e0-28a5-c095-990d-90acfcb75557" testName="iLiniumTech.Backend.Tests.Polizas.PolizasApiTests.Autos_particulares_polizas_requires_api_key" computerName="DESKTOP-1REV7PD" duration="00:00:00.0504332" startTime="2026-05-16T19:15:47.8204845+01:00" endTime="2026-05-16T19:15:47.8710761+01:00" testType="13cdc9d9-ddb5-4fa4-a97d-d965ccfc6d4b" outcome="Passed" testListId="8c84fa94-04c1-424b-9868-57a2d4851a1d" relativeResultsDirectory="a6002aa3-cb46-49dd-9b93-7f3be9429633" />
    <UnitTestResult executionId="09ec8bb1-585e-491d-9db5-0373998b7cdf" testId="6c6a9e0c-d504-8146-7d35-8cd094b7ed4b" testName="iLiniumTech.Backend.Tests.Polizas.PolizasApiTests.Demo_session_read_permission_does_not_allow_detail" computerName="DESKTOP-1REV7PD" duration="00:00:00.1010398" startTime="2026-05-16T19:15:47.1452437+01:00" endTime="2026-05-16T19:15:47.2465206+01:00" testType="13cdc9d9-ddb5-4fa4-a97d-d965ccfc6d4b" outcome="Passed" testListId="8c84fa94-04c1-424b-9868-57a2d4851a1d" relativeResultsDirectory="09ec8bb1-585e-491d-9db5-0373998b7cdf" />
    <UnitTestResult executionId="4fabea17-7ae9-4a01-9c76-613563c9493d" testId="cba25c39-41b6-0c6d-022b-d1cf75815a69" testName="iLiniumTech.Backend.Tests.Polizas.HeaderPolizasExecutionContextAccessorTests.Current_can_enable_header_context_outside_development_with_explicit_override" computerName="DESKTOP-1REV7PD" duration="00:00:00.0007907" startTime="2026-05-16T19:15:46.0052620+01:00" endTime="2026-05-16T19:15:46.0059710+01:00" testType="13cdc9d9-ddb5-4fa4-a97d-d965ccfc6d4b" outcome="Passed" testListId="8c84fa94-04c1-424b-9868-57a2d4851a1d" relativeResultsDirectory="4fabea17-7ae9-4a01-9c76-613563c9493d" />
    <UnitTestResult executionId="195210d5-61c4-4f55-b314-772454ed5f85" testId="50f62751-042b-8617-6f19-a677d8de52c2" testName="iLiniumTech.Backend.Tests.Polizas.PolizasApiTests.Demo_login_rejects_invalid_credentials_without_setting_session_cookie" computerName="DESKTOP-1REV7PD" duration="00:00:00.9769662" startTime="2026-05-16T19:15:45.8933837+01:00" endTime="2026-05-16T19:15:46.8803347+01:00" testType="13cdc9d9-ddb5-4fa4-a97d-d965ccfc6d4b" outcome="Passed" testListId="8c84fa94-04c1-424b-9868-57a2d4851a1d" relativeResultsDirectory="195210d5-61c4-4f55-b314-772454ed5f85" />
    <UnitTestResult executionId="d39a1714-90f2-4371-8386-6610e49f14df" testId="b1b8aab2-dac0-cfa8-f3df-169b997de28a" testName="iLiniumTech.Backend.Tests.Polizas.PolizasApiTests.Demo_session_without_required_permission_returns_forbidden" computerName="DESKTOP-1REV7PD" duration="00:00:00.0623576" startTime="2026-05-16T19:15:48.3923642+01:00" endTime="2026-05-16T19:15:48.4549253+01:00" testType="13cdc9d9-ddb5-4fa4-a97d-d965ccfc6d4b" outcome="Passed" testListId="8c84fa94-04c1-424b-9868-57a2d4851a1d" relativeResultsDirectory="d39a1714-90f2-4371-8386-6610e49f14df" />
    <UnitTestResult executionId="11b5120c-93ae-4a17-9038-715b8e3d1455" testId="bc44d2e7-c3ce-ecc9-3706-f95a73330746" testName="iLiniumTech.Backend.Tests.Polizas.HeaderPolizasExecutionContextAccessorTests.Current_ignores_header_context_outside_development_without_override" computerName="DESKTOP-1REV7PD" duration="00:00:00.0015525" startTime="2026-05-16T19:15:46.0036038+01:00" endTime="2026-05-16T19:15:46.0051198+01:00" testType="13cdc9d9-ddb5-4fa4-a97d-d965ccfc6d4b" outcome="Passed" testListId="8c84fa94-04c1-424b-9868-57a2d4851a1d" relativeResultsDirectory="11b5120c-93ae-4a17-9038-715b8e3d1455" />
    <UnitTestResult executionId="1d33d932-6b3f-45cc-a3c6-6377f8866711" testId="c7d7c313-cb84-b828-dfd5-7bf4e571137b" testName="iLiniumTech.Backend.Tests.Polizas.PolizasSqlQueryBuilderTests.BuildDetailQuery_minimizes_legal_document_in_detail_projection" computerName="DESKTOP-1REV7PD" duration="00:00:00.0002737" startTime="2026-05-16T19:15:46.0006915+01:00" endTime="2026-05-16T19:15:46.0007270+01:00" testType="13cdc9d9-ddb5-4fa4-a97d-d965ccfc6d4b" outcome="Passed" testListId="8c84fa94-04c1-424b-9868-57a2d4851a1d" relativeResultsDirectory="1d33d932-6b3f-45cc-a3c6-6377f8866711" />
    <UnitTestResult executionId="295adc60-c2c5-43ef-8f12-0702bfc3b54d" testId="1096871d-fea4-a77c-b888-ba8790eb2365" testName="iLiniumTech.Backend.Tests.Polizas.AppBuilderConnectionResolverTests.BuildModelConnectionString_decrypts_fields_and_sets_secure_sql_options_by_default" computerName="DESKTOP-1REV7PD" duration="00:00:00.1091181" startTime="2026-05-16T19:15:46.0089500+01:00" endTime="2026-05-16T19:15:46.1179507+01:00" testType="13cdc9d9-ddb5-4fa4-a97d-d965ccfc6d4b" outcome="Passed" testListId="8c84fa94-04c1-424b-9868-57a2d4851a1d" relativeResultsDirectory="295adc60-c2c5-43ef-8f12-0702bfc3b54d" />
    <UnitTestResult executionId="76540b5c-d0a6-4662-a5ba-3811fb7bb4e2" testId="4f73ed9e-d292-9736-b93e-6c9ac669d198" testName="iLiniumTech.Backend.Tests.Polizas.PolizasApiTests.Demo_session_can_switch_to_allowed_broker_and_me_reflects_it" computerName="DESKTOP-1REV7PD" duration="00:00:00.0659019" startTime="2026-05-16T19:15:49.8848851+01:00" endTime="2026-05-16T19:15:49.9509177+01:00" testType="13cdc9d9-ddb5-4fa4-a97d-d965ccfc6d4b" outcome="Passed" testListId="8c84fa94-04c1-424b-9868-57a2d4851a1d" relativeResultsDirectory="76540b5c-d0a6-4662-a5ba-3811fb7bb4e2" />
    <UnitTestResult executionId="b7a65d74-95c4-44c2-af61-71f2dd930e91" testId="665eb1d5-3ff5-03e1-6bfb-99a080b631a8" testName="iLiniumTech.Backend.Tests.Polizas.PolizasApiTests.GetById_returns_poliza_detail" computerName="DESKTOP-1REV7PD" duration="00:00:00.0517214" startTime="2026-05-16T19:15:48.6465237+01:00" endTime="2026-05-16T19:15:48.6984383+01:00" testType="13cdc9d9-ddb5-4fa4-a97d-d965ccfc6d4b" outcome="Passed" testListId="8c84fa94-04c1-424b-9868-57a2d4851a1d" relativeResultsDirectory="b7a65d74-95c4-44c2-af61-71f2dd930e91" />
    <UnitTestResult executionId="b8900aac-8cde-400e-95d6-f8e070b21679" testId="f0804c8a-4efb-02f7-8610-e4f562b46994" testName="iLiniumTech.Backend.Tests.Polizas.PolizasApiTests.Me_can_use_header_context_outside_development_with_explicit_override" computerName="DESKTOP-1REV7PD" duration="00:00:00.0630968" startTime="2026-05-16T19:15:47.5722521+01:00" endTime="2026-05-16T19:15:47.6355546+01:00" testType="13cdc9d9-ddb5-4fa4-a97d-d965ccfc6d4b" outcome="Passed" testListId="8c84fa94-04c1-424b-9868-57a2d4851a1d" relativeResultsDirectory="b8900aac-8cde-400e-95d6-f8e070b21679" />
    <UnitTestResult executionId="ebc1956c-8d06-4f03-a7e6-b007457dd1a1" testId="497644ba-2607-81d1-e72b-6ad818de0e4d" testName="iLiniumTech.Backend.Tests.Polizas.PolizasApiTests.Demo_session_rejects_broker_switch_when_allowed_brokers_are_missing" computerName="DESKTOP-1REV7PD" duration="00:00:00.0625995" startTime="2026-05-16T19:15:48.1560099+01:00" endTime="2026-05-16T19:15:48.2187038+01:00" testType="13cdc9d9-ddb5-4fa4-a97d-d965ccfc6d4b" outcome="Passed" testListId="8c84fa94-04c1-424b-9868-57a2d4851a1d" relativeResultsDirectory="ebc1956c-8d06-4f03-a7e6-b007457dd1a1" />
    <UnitTestResult executionId="abd609a2-1ffd-44c3-8729-779e5274e884" testId="180b78b6-f678-55c3-f1a0-eee1e2511abb" testName="iLiniumTech.Backend.Tests.Polizas.PolizasApiTests.Metadata_is_deprecated_without_appbuilder_reference" computerName="DESKTOP-1REV7PD" duration="00:00:00.0732819" startTime="2026-05-16T19:15:48.5725980+01:00" endTime="2026-05-16T19:15:48.6462797+01:00" testType="13cdc9d9-ddb5-4fa4-a97d-d965ccfc6d4b" outcome="Passed" testListId="8c84fa94-04c1-424b-9868-57a2d4851a1d" relativeResultsDirectory="abd609a2-1ffd-44c3-8729-779e5274e884" />
    <UnitTestResult executionId="934112a2-d65b-40a9-8db6-3557997290a8" testId="417993d9-4add-11b6-a71c-e0e98e51b014" testName="iLiniumTech.Backend.Tests.Polizas.PolizasApiTests.Me_rejects_invalid_header_context" computerName="DESKTOP-1REV7PD" duration="00:00:00.0590201" startTime="2026-05-16T19:15:49.5832836+01:00" endTime="2026-05-16T19:15:49.6423836+01:00" testType="13cdc9d9-ddb5-4fa4-a97d-d965ccfc6d4b" outcome="Passed" testListId="8c84fa94-04c1-424b-9868-57a2d4851a1d" relativeResultsDirectory="934112a2-d65b-40a9-8db6-3557997290a8" />
    <UnitTestResult executionId="5526fddc-6ab3-4aae-b37a-6f70e8e0d921" testId="13a4262a-b40a-25ce-5d32-c4671428fa98" testName="iLiniumTech.Backend.Tests.Polizas.PolizasApiTests.Demo_logout_clears_cookie_session" computerName="DESKTOP-1REV7PD" duration="00:00:00.0609902" startTime="2026-05-16T19:15:50.0254399+01:00" endTime="2026-05-16T19:15:50.0859324+01:00" testType="13cdc9d9-ddb5-4fa4-a97d-d965ccfc6d4b" outcome="Passed" testListId="8c84fa94-04c1-424b-9868-57a2d4851a1d" relativeResultsDirectory="5526fddc-6ab3-4aae-b37a-6f70e8e0d921" />
    <UnitTestResult executionId="a943daa6-cb34-4ea7-9d66-af2b8e8e4a23" testId="f7bbf3ab-c4cd-8fa6-dab7-aef5b53c1e86" testName="iLiniumTech.Backend.Tests.Polizas.PolizasApiTests.Ready_reports_unavailable_when_api_key_is_not_configured" computerName="DESKTOP-1REV7PD" duration="00:00:00.0532309" startTime="2026-05-16T19:15:48.6986211+01:00" endTime="2026-05-16T19:15:48.7519873+01:00" testType="13cdc9d9-ddb5-4fa4-a97d-d965ccfc6d4b" outcome="Passed" testListId="8c84fa94-04c1-424b-9868-57a2d4851a1d" relativeResultsDirectory="a943daa6-cb34-4ea7-9d66-af2b8e8e4a23" />
    <UnitTestResult executionId="1b57c7e0-98b1-4c70-b919-729a39fbce99" testId="3c8129ef-d341-c87b-0668-bfdce0f32649" testName="iLiniumTech.Backend.Tests.Polizas.PolizasApiTests.Sql_repository_configuration_errors_are_sanitized" computerName="DESKTOP-1REV7PD" duration="00:00:00.0611409" startTime="2026-05-16T19:15:48.2761315+01:00" endTime="2026-05-16T19:15:48.3370331+01:00" testType="13cdc9d9-ddb5-4fa4-a97d-d965ccfc6d4b" outcome="Passed" testListId="8c84fa94-04c1-424b-9868-57a2d4851a1d" relativeResultsDirectory="1b57c7e0-98b1-4c70-b919-729a39fbce99" />
    <UnitTestResult executionId="39d1e8c8-c8d9-4bc0-9ed5-477c7c808710" testId="bd309a85-329a-3659-82f7-a328120500d4" testName="iLiniumTech.Backend.Tests.Polizas.PolizasApiTests.Search_returns_polizas_data" computerName="DESKTOP-1REV7PD" duration="00:00:00.0574131" startTime="2026-05-16T19:15:48.4550898+01:00" endTime="2026-05-16T19:15:48.5131298+01:00" testType="13cdc9d9-ddb5-4fa4-a97d-d965ccfc6d4b" outcome="Passed" testListId="8c84fa94-04c1-424b-9868-57a2d4851a1d" relativeResultsDirectory="39d1e8c8-c8d9-4bc0-9ed5-477c7c808710" />
    <UnitTestResult executionId="308ecb4d-ff06-4339-b097-63d0deea9b6c" testId="6aa184c8-fb50-0da2-0cd2-16b21494e887" testName="iLiniumTech.Backend.Tests.Polizas.PolizasApiTests.Me_ignores_header_context_outside_development_without_explicit_override" computerName="DESKTOP-1REV7PD" duration="00:00:00.0560212" startTime="2026-05-16T19:15:49.7710926+01:00" endTime="2026-05-16T19:15:49.8272827+01:00" testType="13cdc9d9-ddb5-4fa4-a97d-d965ccfc6d4b" outcome="Passed" testListId="8c84fa94-04c1-424b-9868-57a2d4851a1d" relativeResultsDirectory="308ecb4d-ff06-4339-b097-63d0deea9b6c" />
    <UnitTestResult executionId="5d2b53f1-9e4c-4c6d-9b91-46fe15e7b514" testId="04ad555a-8fc6-b286-603e-ba97850b9f9b" testName="iLiniumTech.Backend.Tests.Polizas.PolizasApiTests.Demo_login_rejects_requested_broker_outside_allowed_brokers" computerName="DESKTOP-1REV7PD" duration="00:00:00.0586643" startTime="2026-05-16T19:15:47.8712500+01:00" endTime="2026-05-16T19:15:47.9303858+01:00" testType="13cdc9d9-ddb5-4fa4-a97d-d965ccfc6d4b" outcome="Passed" testListId="8c84fa94-04c1-424b-9868-57a2d4851a1d" relativeResultsDirectory="5d2b53f1-9e4c-4c6d-9b91-46fe15e7b514" />
    <UnitTestResult executionId="012bbf79-a469-45c2-ac6d-25f5083e377b" testId="3aa6f34e-0fb4-033a-e5b0-a1eecff18663" testName="iLiniumTech.Backend.Tests.Polizas.PolizasApiTests.Me_requires_api_key" computerName="DESKTOP-1REV7PD" duration="00:00:00.0778301" startTime="2026-05-16T19:15:46.8812133+01:00" endTime="2026-05-16T19:15:46.9593438+01:00" testType="13cdc9d9-ddb5-4fa4-a97d-d965ccfc6d4b" outcome="Passed" testListId="8c84fa94-04c1-424b-9868-57a2d4851a1d" relativeResultsDirectory="012bbf79-a469-45c2-ac6d-25f5083e377b" />
    <UnitTestResult executionId="0ddda322-a570-4e7e-8ee3-018524d39e2c" testId="de46218a-7577-3293-9843-31109cc6459c" testName="iLiniumTech.Backend.Tests.Polizas.PolizasSqlQueryBuilderTests.BuildDetailQuery_can_scope_detail_by_ramo" computerName="DESKTOP-1REV7PD" duration="00:00:00.0009139" startTime="2026-05-16T19:15:46.0005005+01:00" endTime="2026-05-16T19:15:46.0005535+01:00" testType="13cdc9d9-ddb5-4fa4-a97d-d965ccfc6d4b" outcome="Passed" testListId="8c84fa94-04c1-424b-9868-57a2d4851a1d" relativeResultsDirectory="0ddda322-a570-4e7e-8ee3-018524d39e2c" />
    <UnitTestResult executionId="f4882cc1-7d4c-4b8d-801f-50c363ed20b4" testId="1ba1ca7a-5c25-dfa8-25a2-bed04f1285d3" testName="iLiniumTech.Backend.Tests.Polizas.PolizasSearchValidatorTests.ValidateAndParseSort_rejects_unknown_sort_fields" computerName="DESKTOP-1REV7PD" duration="00:00:00.0012137" startTime="2026-05-16T19:15:46.0011269+01:00" endTime="2026-05-16T19:15:46.0012943+01:00" testType="13cdc9d9-ddb5-4fa4-a97d-d965ccfc6d4b" outcome="Passed" testListId="8c84fa94-04c1-424b-9868-57a2d4851a1d" relativeResultsDirectory="f4882cc1-7d4c-4b8d-801f-50c363ed20b4" />
    <UnitTestResult executionId="814f221d-11ae-49b8-a127-498bd5b95aaf" testId="5cba42fb-ee83-2e2a-e42d-1270d689b8c7" testName="iLiniumTech.Backend.Tests.Polizas.PolizasApiTests.Demo_session_rejects_non_positive_broker_switch_with_sanitized_error" computerName="DESKTOP-1REV7PD" duration="00:00:00.0739083" startTime="2026-05-16T19:15:47.7462648+01:00" endTime="2026-05-16T19:15:47.8203196+01:00" testType="13cdc9d9-ddb5-4fa4-a97d-d965ccfc6d4b" outcome="Passed" testListId="8c84fa94-04c1-424b-9868-57a2d4851a1d" relativeResultsDirectory="814f221d-11ae-49b8-a127-498bd5b95aaf" />
    <UnitTestResult executionId="b2d67d28-8710-433f-a668-5d42506e233d" testId="dad42aa1-7d8a-6afe-0926-89e4c280ecd5" testName="iLiniumTech.Backend.Tests.Polizas.PolizasSearchValidatorTests.Validate_rejects_page_size_over_limit" computerName="DESKTOP-1REV7PD" duration="00:00:00.0764819" startTime="2026-05-16T19:15:45.8949277+01:00" endTime="2026-05-16T19:15:46.0009647+01:00" testType="13cdc9d9-ddb5-4fa4-a97d-d965ccfc6d4b" outcome="Passed" testListId="8c84fa94-04c1-424b-9868-57a2d4851a1d" relativeResultsDirectory="b2d67d28-8710-433f-a668-5d42506e233d" />
    <UnitTestResult executionId="a806fa8d-0d27-43c6-820b-cddfca3d5730" testId="91135454-165e-2590-1f63-f2242458d396" testName="iLiniumTech.Backend.Tests.Polizas.PolizasApiTests.Demo_session_without_catalogs_permission_cannot_read_catalogs" computerName="DESKTOP-1REV7PD" duration="00:00:00.0552781" startTime="2026-05-16T19:15:47.6909733+01:00" endTime="2026-05-16T19:15:47.7460896+01:00" testType="13cdc9d9-ddb5-4fa4-a97d-d965ccfc6d4b" outcome="Passed" testListId="8c84fa94-04c1-424b-9868-57a2d4851a1d" relativeResultsDirectory="a806fa8d-0d27-43c6-820b-cddfca3d5730" />
    <UnitTestResult executionId="be600e67-c03d-44a7-b969-27e0c9ef647a" testId="1f374145-d435-fcee-0b81-9cde698d50da" testName="iLiniumTech.Backend.Tests.Polizas.PolizasSqlQueryBuilderTests.BuildDetailQuery_parameterizes_id" computerName="DESKTOP-1REV7PD" duration="00:00:00.0014139" startTime="2026-05-16T19:15:45.9953484+01:00" endTime="2026-05-16T19:15:45.9954673+01:00" testType="13cdc9d9-ddb5-4fa4-a97d-d965ccfc6d4b" outcome="Passed" testListId="8c84fa94-04c1-424b-9868-57a2d4851a1d" relativeResultsDirectory="be600e67-c03d-44a7-b969-27e0c9ef647a" />
    <UnitTestResult executionId="52cd900f-875d-4ffd-89ea-29e5c7ef4577" testId="8037b4cf-7882-04bd-936e-095271a84313" testName="iLiniumTech.Backend.Tests.Polizas.AppBuilderConnectionResolverTests.Protector_returns_plain_values_when_key_is_not_configured" computerName="DESKTOP-1REV7PD" duration="00:00:00.0000855" startTime="2026-05-16T19:15:46.1188971+01:00" endTime="2026-05-16T19:15:46.1189288+01:00" testType="13cdc9d9-ddb5-4fa4-a97d-d965ccfc6d4b" outcome="Passed" testListId="8c84fa94-04c1-424b-9868-57a2d4851a1d" relativeResultsDirectory="52cd900f-875d-4ffd-89ea-29e5c7ef4577" />
    <UnitTestResult executionId="68403c61-0849-4bf4-b8c3-c39974f1ba31" testId="d7e0ea0b-3fec-127c-2af4-12711d2ae6a4" testName="iLiniumTech.Backend.Tests.Polizas.PolizasApiTests.Polizas_requires_api_key" computerName="DESKTOP-1REV7PD" duration="00:00:00.0609197" startTime="2026-05-16T19:15:49.2373276+01:00" endTime="2026-05-16T19:15:49.2986816+01:00" testType="13cdc9d9-ddb5-4fa4-a97d-d965ccfc6d4b" outcome="Passed" testListId="8c84fa94-04c1-424b-9868-57a2d4851a1d" relativeResultsDirectory="68403c61-0849-4bf4-b8c3-c39974f1ba31" />
    <UnitTestResult executionId="1491fae5-e771-47a6-9348-2340522441fa" testId="a562eb8a-6eeb-e3af-d348-30e472b6acac" testName="iLiniumTech.Backend.Tests.Polizas.PolizasSqlQueryBuilderTests.BuildSearchQuery_parameterizes_filter_values" computerName="DESKTOP-1REV7PD" duration="00:00:00.0021330" startTime="2026-05-16T19:15:46.0008208+01:00" endTime="2026-05-16T19:15:46.0008526+01:00" testType="13cdc9d9-ddb5-4fa4-a97d-d965ccfc6d4b" outcome="Passed" testListId="8c84fa94-04c1-424b-9868-57a2d4851a1d" relativeResultsDirectory="1491fae5-e771-47a6-9348-2340522441fa" />
    <UnitTestResult executionId="cf0f2cd1-005c-4bc6-87f3-a5314acb2ff3" testId="7bae5ff7-80d6-49b5-e743-7c94dbc28257" testName="iLiniumTech.Backend.Tests.Polizas.PolizasSqlQueryBuilderTests.BuildSearchQuery_does_not_duplicate_numero_tie_breaker" computerName="DESKTOP-1REV7PD" duration="00:00:00.0527012" startTime="2026-05-16T19:15:45.8949518+01:00" endTime="2026-05-16T19:15:45.9555100+01:00" testType="13cdc9d9-ddb5-4fa4-a97d-d965ccfc6d4b" outcome="Passed" testListId="8c84fa94-04c1-424b-9868-57a2d4851a1d" relativeResultsDirectory="cf0f2cd1-005c-4bc6-87f3-a5314acb2ff3" />
    <UnitTestResult executionId="8469f7c9-396d-4d87-a4cc-d07c959d9aa2" testId="716056ba-ccd6-be73-a3c4-a4efdbae5a2a" testName="iLiniumTech.Backend.Tests.Polizas.PolizasApiTests.Ready_rejects_outside_development_header_override_without_demo_opt_in" computerName="DESKTOP-1REV7PD" duration="00:00:00.0632461" startTime="2026-05-16T19:15:50.1222100+01:00" endTime="2026-05-16T19:15:50.1856643+01:00" testType="13cdc9d9-ddb5-4fa4-a97d-d965ccfc6d4b" outcome="Passed" testListId="8c84fa94-04c1-424b-9868-57a2d4851a1d" relativeResultsDirectory="8469f7c9-396d-4d87-a4cc-d07c959d9aa2" />
    <UnitTestResult executionId="bc6bd84d-4f86-46ab-ac15-d722cb585ee3" testId="a2259632-10b1-6a78-0ed0-b4ffce23a276" testName="iLiniumTech.Backend.Tests.Polizas.PolizasApiTests.Api_key_mvp_remains_legacy_compatibility_for_policy_protected_polizas" computerName="DESKTOP-1REV7PD" duration="00:00:00.0548757" startTime="2026-05-16T19:15:48.3372208+01:00" endTime="2026-05-16T19:15:48.3922013+01:00" testType="13cdc9d9-ddb5-4fa4-a97d-d965ccfc6d4b" outcome="Passed" testListId="8c84fa94-04c1-424b-9868-57a2d4851a1d" relativeResultsDirectory="bc6bd84d-4f86-46ab-ac15-d722cb585ee3" />
    <UnitTestResult executionId="5422f9ad-88a4-4634-90de-76918d7030df" testId="cd8e48c0-6432-dc77-9c51-402cbdf6d677" testName="iLiniumTech.Backend.Tests.Polizas.HeaderPolizasExecutionContextAccessorTests.Current_is_null_without_header_or_fallback" computerName="DESKTOP-1REV7PD" duration="00:00:00.0002527" startTime="2026-05-16T19:15:46.0087194+01:00" endTime="2026-05-16T19:15:46.0087691+01:00" testType="13cdc9d9-ddb5-4fa4-a97d-d965ccfc6d4b" outcome="Passed" testListId="8c84fa94-04c1-424b-9868-57a2d4851a1d" relativeResultsDirectory="5422f9ad-88a4-4634-90de-76918d7030df" />
    <UnitTestResult executionId="ea87a681-ab4a-45ea-b21a-72b006655d00" testId="034478e5-be95-fb78-281a-9a12103bd489" testName="iLiniumTech.Backend.Tests.Polizas.HeaderPolizasExecutionContextAccessorTests.Current_uses_configuration_as_fallback" computerName="DESKTOP-1REV7PD" duration="00:00:00.1025838" startTime="2026-05-16T19:15:45.8948563+01:00" endTime="2026-05-16T19:15:46.0034677+01:00" testType="13cdc9d9-ddb5-4fa4-a97d-d965ccfc6d4b" outcome="Passed" testListId="8c84fa94-04c1-424b-9868-57a2d4851a1d" relativeResultsDirectory="ea87a681-ab4a-45ea-b21a-72b006655d00" />
    <UnitTestResult executionId="3a53470a-491c-4e5a-96f1-9989942e5305" testId="7b948a6a-4fae-b2ff-f76a-e5e203c1e6b3" testName="iLiniumTech.Backend.Tests.Polizas.AppBuilderConnectionResolverTests.BuildModelConnectionString_allows_trusting_server_certificate_by_explicit_configuration" computerName="DESKTOP-1REV7PD" duration="00:00:00.0001689" startTime="2026-05-16T19:15:46.1186756+01:00" endTime="2026-05-16T19:15:46.1187963+01:00" testType="13cdc9d9-ddb5-4fa4-a97d-d965ccfc6d4b" outcome="Passed" testListId="8c84fa94-04c1-424b-9868-57a2d4851a1d" relativeResultsDirectory="3a53470a-491c-4e5a-96f1-9989942e5305" />
    <UnitTestResult executionId="07452f5c-89e3-4904-b20e-b3b66076a23b" testId="03eda6d2-a446-9073-b900-be535a313314" testName="iLiniumTech.Backend.Tests.Polizas.AppBuilderConnectionResolverTests.BuildModelConnectionString_rejects_incomplete_records" computerName="DESKTOP-1REV7PD" duration="00:00:00.0006004" startTime="2026-05-16T19:15:46.1182108+01:00" endTime="2026-05-16T19:15:46.1185837+01:00" testType="13cdc9d9-ddb5-4fa4-a97d-d965ccfc6d4b" outcome="Passed" testListId="8c84fa94-04c1-424b-9868-57a2d4851a1d" relativeResultsDirectory="07452f5c-89e3-4904-b20e-b3b66076a23b" />
    <UnitTestResult executionId="4d0538e2-4322-4e53-868c-dd5cb15f43f8" testId="72d75e13-c5a1-3289-4c64-509c039ba79b" testName="iLiniumTech.Backend.Tests.Polizas.PolizasApiTests.Responses_include_baseline_security_headers" computerName="DESKTOP-1REV7PD" duration="00:00:00.0504741" startTime="2026-05-16T19:15:48.7521333+01:00" endTime="2026-05-16T19:15:48.8027552+01:00" testType="13cdc9d9-ddb5-4fa4-a97d-d965ccfc6d4b" outcome="Passed" testListId="8c84fa94-04c1-424b-9868-57a2d4851a1d" relativeResultsDirectory="4d0538e2-4322-4e53-868c-dd5cb15f43f8" />
    <UnitTestResult executionId="0e5a32ae-1b2a-46fd-9925-0d5eb1a98838" testId="c1a18653-16e1-7a06-4c5b-613aa6a9ce4d" testName="iLiniumTech.Backend.Tests.Polizas.PolizasInfrastructureTests.AddInfrastructure_registers_appbuilder_master_connection_provider_without_startup_broker" computerName="DESKTOP-1REV7PD" duration="00:00:00.0629118" startTime="2026-05-16T19:15:45.8949018+01:00" endTime="2026-05-16T19:15:45.9958068+01:00" testType="13cdc9d9-ddb5-4fa4-a97d-d965ccfc6d4b" outcome="Passed" testListId="8c84fa94-04c1-424b-9868-57a2d4851a1d" relativeResultsDirectory="0e5a32ae-1b2a-46fd-9925-0d5eb1a98838" />
    <UnitTestResult executionId="5f81d7ea-37e2-4430-8d4f-95f68de397d5" testId="bc2f0552-ca02-c0cd-d046-080e88fb03ec" testName="iLiniumTech.Backend.Tests.Polizas.PolizasSearchValidatorTests.ValidateAndParseSort_accepts_whitelisted_field" computerName="DESKTOP-1REV7PD" duration="00:00:00.0012250" startTime="2026-05-16T19:15:46.0013724+01:00" endTime="2026-05-16T19:15:46.0022100+01:00" testType="13cdc9d9-ddb5-4fa4-a97d-d965ccfc6d4b" outcome="Passed" testListId="8c84fa94-04c1-424b-9868-57a2d4851a1d" relativeResultsDirectory="5f81d7ea-37e2-4430-8d4f-95f68de397d5" />
    <UnitTestResult executionId="fec552ec-0940-4460-bda2-4fbc91910323" testId="93dc2e0a-1ad3-1096-bc8a-996b05754d3d" testName="iLiniumTech.Backend.Tests.Polizas.PolizasApiTests.Autos_particulares_configuration_errors_are_sanitized" computerName="DESKTOP-1REV7PD" duration="00:00:00.0728015" startTime="2026-05-16T19:15:47.0718473+01:00" endTime="2026-05-16T19:15:47.1450376+01:00" testType="13cdc9d9-ddb5-4fa4-a97d-d965ccfc6d4b" outcome="Passed" testListId="8c84fa94-04c1-424b-9868-57a2d4851a1d" relativeResultsDirectory="fec552ec-0940-4460-bda2-4fbc91910323" />
    <UnitTestResult executionId="d0fdbe4c-9df1-463c-b09e-0895fbb14a68" testId="9637a674-368a-b26c-c610-0c25cefb9cb6" testName="iLiniumTech.Backend.Tests.Polizas.HeaderPolizasExecutionContextAccessorTests.Current_reads_broker_context_from_headers" computerName="DESKTOP-1REV7PD" duration="00:00:00.0007018" startTime="2026-05-16T19:15:46.0072888+01:00" endTime="2026-05-16T19:15:46.0079332+01:00" testType="13cdc9d9-ddb5-4fa4-a97d-d965ccfc6d4b" outcome="Passed" testListId="8c84fa94-04c1-424b-9868-57a2d4851a1d" relativeResultsDirectory="d0fdbe4c-9df1-463c-b09e-0895fbb14a68" />
    <UnitTestResult executionId="c36c95aa-fce2-4b3a-80b4-b0d2ce05cbb6" testId="a7737e1d-feab-9f3e-59e0-93060bbf2970" testName="iLiniumTech.Backend.Tests.Polizas.HeaderPolizasExecutionContextAccessorTests.Current_rejects_invalid_broker_header_when_header_context_is_enabled" computerName="DESKTOP-1REV7PD" duration="00:00:00.0008788" startTime="2026-05-16T19:15:46.0060836+01:00" endTime="2026-05-16T19:15:46.0069076+01:00" testType="13cdc9d9-ddb5-4fa4-a97d-d965ccfc6d4b" outcome="Passed" testListId="8c84fa94-04c1-424b-9868-57a2d4851a1d" relativeResultsDirectory="c36c95aa-fce2-4b3a-80b4-b0d2ce05cbb6" />
    <UnitTestResult executionId="b3ff7b80-d216-4a30-baec-0c980faa6cab" testId="b8522c6d-5e43-2cd7-9c43-5b95eff3b79b" testName="iLiniumTech.Backend.Tests.Polizas.PolizasApiTests.GetById_returns_sanitized_not_found_error_with_correlation_id" computerName="DESKTOP-1REV7PD" duration="00:00:00.0562916" startTime="2026-05-16T19:15:49.6425207+01:00" endTime="2026-05-16T19:15:49.6990411+01:00" testType="13cdc9d9-ddb5-4fa4-a97d-d965ccfc6d4b" outcome="Passed" testListId="8c84fa94-04c1-424b-9868-57a2d4851a1d" relativeResultsDirectory="b3ff7b80-d216-4a30-baec-0c980faa6cab" />
    <UnitTestResult executionId="4f1126d1-67c6-493f-85cf-92fafe973ca4" testId="7238cd6c-35e1-3c85-40f6-a353b45a6015" testName="iLiniumTech.Backend.Tests.Polizas.PolizasApiTests.Autos_particulares_search_returns_only_autos_fixture_data" computerName="DESKTOP-1REV7PD" duration="00:00:00.0702480" startTime="2026-05-16T19:15:48.8034101+01:00" endTime="2026-05-16T19:15:48.8733609+01:00" testType="13cdc9d9-ddb5-4fa4-a97d-d965ccfc6d4b" outcome="Passed" testListId="8c84fa94-04c1-424b-9868-57a2d4851a1d" relativeResultsDirectory="4f1126d1-67c6-493f-85cf-92fafe973ca4" />
    <UnitTestResult executionId="45f1108e-b9e0-439d-80c2-0c632fbd98f2" testId="5100adc6-9ba0-3cce-0394-d084bfdc4117" testName="iLiniumTech.Backend.Tests.Polizas.HeaderPolizasExecutionContextAccessorTests.Current_ignores_headers_unless_header_context_is_enabled" computerName="DESKTOP-1REV7PD" duration="00:00:00.0002167" startTime="2026-05-16T19:15:46.0070493+01:00" endTime="2026-05-16T19:15:46.0071797+01:00" testType="13cdc9d9-ddb5-4fa4-a97d-d965ccfc6d4b" outcome="Passed" testListId="8c84fa94-04c1-424b-9868-57a2d4851a1d" relativeResultsDirectory="45f1108e-b9e0-439d-80c2-0c632fbd98f2" />
    <UnitTestResult executionId="005357c9-cd48-4fd3-95ac-4e7f96cf76ae" testId="9ecceaba-29a0-36c0-e30b-c6b5c4a60fc0" testName="iLiniumTech.Backend.Tests.Polizas.PolizasApiTests.Cors_wildcard_origins_are_rejected_at_startup" computerName="DESKTOP-1REV7PD" duration="00:00:00.0360339" startTime="2026-05-16T19:15:50.0860533+01:00" endTime="2026-05-16T19:15:50.1220630+01:00" testType="13cdc9d9-ddb5-4fa4-a97d-d965ccfc6d4b" outcome="Passed" testListId="8c84fa94-04c1-424b-9868-57a2d4851a1d" relativeResultsDirectory="005357c9-cd48-4fd3-95ac-4e7f96cf76ae" />
    <UnitTestResult executionId="0795275f-4736-4d29-a6c3-ff6a54a7408e" testId="a4b47287-8475-f9f5-eb50-3397f4d9946b" testName="iLiniumTech.Backend.Tests.Polizas.PolizasApiTests.Search_rejects_sort_fields_outside_whitelist" computerName="DESKTOP-1REV7PD" duration="00:00:00.0560907" startTime="2026-05-16T19:15:49.3544747+01:00" endTime="2026-05-16T19:15:49.4108203+01:00" testType="13cdc9d9-ddb5-4fa4-a97d-d965ccfc6d4b" outcome="Passed" testListId="8c84fa94-04c1-424b-9868-57a2d4851a1d" relativeResultsDirectory="0795275f-4736-4d29-a6c3-ff6a54a7408e" />
    <UnitTestResult executionId="54ec3c7b-618b-46e7-98ac-27f980388aef" testId="08eb79ef-f395-2dc2-86aa-d9512d68040f" testName="iLiniumTech.Backend.Tests.Polizas.AppBuilderConnectionResolverTests.AppBuilderMaster_resolver_requires_runtime_broker_context" computerName="DESKTOP-1REV7PD" duration="00:00:00.1078976" startTime="2026-05-16T19:15:45.8949765+01:00" endTime="2026-05-16T19:15:46.0088622+01:00" testType="13cdc9d9-ddb5-4fa4-a97d-d965ccfc6d4b" outcome="Passed" testListId="8c84fa94-04c1-424b-9868-57a2d4851a1d" relativeResultsDirectory="54ec3c7b-618b-46e7-98ac-27f980388aef" />
    <UnitTestResult executionId="c3ff1da3-860b-4dec-b495-eb5ecc19a558" testId="044a5920-3199-14a8-10a6-4d09c30c1c17" testName="iLiniumTech.Backend.Tests.Polizas.PolizasApiTests.Api_key_alone_cannot_switch_demo_session_broker" computerName="DESKTOP-1REV7PD" duration="00:00:00.0590279" startTime="2026-05-16T19:15:48.5136230+01:00" endTime="2026-05-16T19:15:48.5724321+01:00" testType="13cdc9d9-ddb5-4fa4-a97d-d965ccfc6d4b" outcome="Passed" testListId="8c84fa94-04c1-424b-9868-57a2d4851a1d" relativeResultsDirectory="c3ff1da3-860b-4dec-b495-eb5ecc19a558" />
    <UnitTestResult executionId="508fdf12-94ad-41f3-9f93-2a562adcc6df" testId="a7ce0896-6463-75b0-d8fa-779aad43fdb8" testName="iLiniumTech.Backend.Tests.Polizas.PolizasApiTests.Ready_rejects_header_context_outside_development_without_demo_opt_in" computerName="DESKTOP-1REV7PD" duration="00:00:00.0552214" startTime="2026-05-16T19:15:49.2988937+01:00" endTime="2026-05-16T19:15:49.3542918+01:00" testType="13cdc9d9-ddb5-4fa4-a97d-d965ccfc6d4b" outcome="Passed" testListId="8c84fa94-04c1-424b-9868-57a2d4851a1d" relativeResultsDirectory="508fdf12-94ad-41f3-9f93-2a562adcc6df" />
    <UnitTestResult executionId="1dd63161-4a5a-478c-9d67-8bb9dcc615de" testId="26258c4d-c07e-7a10-915b-92f76d281c32" testName="iLiniumTech.Backend.Tests.Polizas.PolizasInfrastructureTests.AddInfrastructure_requires_connection_string_for_sql_repository" computerName="DESKTOP-1REV7PD" duration="00:00:00.0135590" startTime="2026-05-16T19:15:45.9959121+01:00" endTime="2026-05-16T19:15:46.0009836+01:00" testType="13cdc9d9-ddb5-4fa4-a97d-d965ccfc6d4b" outcome="Passed" testListId="8c84fa94-04c1-424b-9868-57a2d4851a1d" relativeResultsDirectory="1dd63161-4a5a-478c-9d67-8bb9dcc615de" />
    <UnitTestResult executionId="7047303c-f124-4f9b-9230-dfb72908440b" testId="2c0ae443-c224-9623-8dc6-9e363c9abd4c" testName="iLiniumTech.Backend.Tests.Polizas.PolizasApiTests.Demo_login_creates_cookie_session_and_me_context_without_api_key" computerName="DESKTOP-1REV7PD" duration="00:00:00.1981978" startTime="2026-05-16T19:15:47.2467044+01:00" endTime="2026-05-16T19:15:47.4451789+01:00" testType="13cdc9d9-ddb5-4fa4-a97d-d965ccfc6d4b" outcome="Passed" testListId="8c84fa94-04c1-424b-9868-57a2d4851a1d" relativeResultsDirectory="7047303c-f124-4f9b-9230-dfb72908440b" />
    <UnitTestResult executionId="d9e77251-124b-44ab-a7d6-4440b1ce12f7" testId="21eae7dd-1020-32f1-77d0-9cc1ce14a731" testName="iLiniumTech.Backend.Tests.Polizas.PolizasApiTests.Sql_appbuilder_mode_rejects_invalid_header_broker_context" computerName="DESKTOP-1REV7PD" duration="00:00:00.0574452" startTime="2026-05-16T19:15:47.0141981+01:00" endTime="2026-05-16T19:15:47.0716892+01:00" testType="13cdc9d9-ddb5-4fa4-a97d-d965ccfc6d4b" outcome="Passed" testListId="8c84fa94-04c1-424b-9868-57a2d4851a1d" relativeResultsDirectory="d9e77251-124b-44ab-a7d6-4440b1ce12f7" />
    <UnitTestResult executionId="4134b684-15c3-4f37-b830-705a19da0685" testId="ffa06ba7-bf2a-3051-3a22-27a07cd887c4" testName="iLiniumTech.Backend.Tests.Polizas.PolizasApiTests.Ready_is_anonymous_and_reports_configured_backend" computerName="DESKTOP-1REV7PD" duration="00:00:00.0700038" startTime="2026-05-16T19:15:47.5018642+01:00" endTime="2026-05-16T19:15:47.5721030+01:00" testType="13cdc9d9-ddb5-4fa4-a97d-d965ccfc6d4b" outcome="Passed" testListId="8c84fa94-04c1-424b-9868-57a2d4851a1d" relativeResultsDirectory="4134b684-15c3-4f37-b830-705a19da0685" />
    <UnitTestResult executionId="dcdd554f-e413-4587-b02c-16f3c452d2eb" testId="1e80bf46-03fd-8e03-5f2e-7d56e5323c35" testName="iLiniumTech.Backend.Tests.Polizas.SqlServerSessionContextTests.BuildApplyQuery_parameterizes_session_context_keys_and_values" computerName="DESKTOP-1REV7PD" duration="00:00:00.0570082" startTime="2026-05-16T19:15:45.8949921+01:00" endTime="2026-05-16T19:15:45.9683324+01:00" testType="13cdc9d9-ddb5-4fa4-a97d-d965ccfc6d4b" outcome="Passed" testListId="8c84fa94-04c1-424b-9868-57a2d4851a1d" relativeResultsDirectory="dcdd554f-e413-4587-b02c-16f3c452d2eb" />
    <UnitTestResult executionId="f947f307-b741-41f1-a50e-ae24176854e5" testId="ce6994e0-0692-7186-0558-e37e999b10eb" testName="iLiniumTech.Backend.Tests.Polizas.PolizasSqlQueryBuilderTests.BuildSearchQuery_applies_offset_fetch_pagination(page: 2, pageSize: 25, expectedOffset: 25)" computerName="DESKTOP-1REV7PD" duration="00:00:00.0007255" startTime="2026-05-16T19:15:45.9949875+01:00" endTime="2026-05-16T19:15:45.9950319+01:00" testType="13cdc9d9-ddb5-4fa4-a97d-d965ccfc6d4b" outcome="Passed" testListId="8c84fa94-04c1-424b-9868-57a2d4851a1d" relativeResultsDirectory="f947f307-b741-41f1-a50e-ae24176854e5" />
    <UnitTestResult executionId="e29bc1cf-3267-4fe2-bb3d-6eef5c5a2e69" testId="bec11589-aa7f-ffbe-0e53-0562aa828811" testName="iLiniumTech.Backend.Tests.Polizas.PolizasInfrastructureTests.AddInfrastructure_registers_appbuilder_master_connection_provider" computerName="DESKTOP-1REV7PD" duration="00:00:00.0002672" startTime="2026-05-16T19:15:46.0024423+01:00" endTime="2026-05-16T19:15:46.0024752+01:00" testType="13cdc9d9-ddb5-4fa4-a97d-d965ccfc6d4b" outcome="Passed" testListId="8c84fa94-04c1-424b-9868-57a2d4851a1d" relativeResultsDirectory="e29bc1cf-3267-4fe2-bb3d-6eef5c5a2e69" />
    <UnitTestResult executionId="5e4d1a8d-1aa2-4de5-b848-d832ea51d166" testId="ea448b05-e2a1-04b5-d894-a20394e21b38" testName="iLiniumTech.Backend.Tests.Polizas.PolizasInfrastructureTests.AddInfrastructure_registers_sql_repository_with_static_connection_provider" computerName="DESKTOP-1REV7PD" duration="00:00:00.0012659" startTime="2026-05-16T19:15:46.0012569+01:00" endTime="2026-05-16T19:15:46.0013988+01:00" testType="13cdc9d9-ddb5-4fa4-a97d-d965ccfc6d4b" outcome="Passed" testListId="8c84fa94-04c1-424b-9868-57a2d4851a1d" relativeResultsDirectory="5e4d1a8d-1aa2-4de5-b848-d832ea51d166" />
    <UnitTestResult executionId="fa8ded3c-d996-457c-a2a6-22eacd59638d" testId="9031b07e-0a1e-ed69-3228-7773655e7245" testName="iLiniumTech.Backend.Tests.Polizas.PolizasApiTests.Autos_particulares_validation_errors_are_sanitized" computerName="DESKTOP-1REV7PD" duration="00:00:00.0733437" startTime="2026-05-16T19:15:49.9510628+01:00" endTime="2026-05-16T19:15:50.0246347+01:00" testType="13cdc9d9-ddb5-4fa4-a97d-d965ccfc6d4b" outcome="Passed" testListId="8c84fa94-04c1-424b-9868-57a2d4851a1d" relativeResultsDirectory="fa8ded3c-d996-457c-a2a6-22eacd59638d" />
    <UnitTestResult executionId="2b16df32-2659-4ffb-ae3b-80bcfbdd4fa1" testId="684d0fc9-d86e-48b6-126e-c83107a33e5d" testName="iLiniumTech.Backend.Tests.Polizas.PolizasApiTests.Catalogs_exposes_policy_select_data" computerName="DESKTOP-1REV7PD" duration="00:00:00.0620816" startTime="2026-05-16T19:15:47.9305990+01:00" endTime="2026-05-16T19:15:47.9927823+01:00" testType="13cdc9d9-ddb5-4fa4-a97d-d965ccfc6d4b" outcome="Passed" testListId="8c84fa94-04c1-424b-9868-57a2d4851a1d" relativeResultsDirectory="2b16df32-2659-4ffb-ae3b-80bcfbdd4fa1" />
    <UnitTestResult executionId="1ee484f4-486a-439a-8791-68d240f1a93b" testId="f7b47e4e-4039-dcef-e363-3385b140b0aa" testName="iLiniumTech.Backend.Tests.Polizas.PolizasSqlQueryBuilderTests.BuildCountQuery_applies_same_date_effect_filters_without_pagination" computerName="DESKTOP-1REV7PD" duration="00:00:00.0028370" startTime="2026-05-16T19:15:45.9981670+01:00" endTime="2026-05-16T19:15:45.9982662+01:00" testType="13cdc9d9-ddb5-4fa4-a97d-d965ccfc6d4b" outcome="Passed" testListId="8c84fa94-04c1-424b-9868-57a2d4851a1d" relativeResultsDirectory="1ee484f4-486a-439a-8791-68d240f1a93b" />
    <UnitTestResult executionId="b5c387dd-db1b-4445-bf81-2f51a70d70a2" testId="b6c4b426-29a7-0cba-a8d2-884b3815629a" testName="iLiniumTech.Backend.Tests.Polizas.PolizasApiTests.Me_returns_effective_polizas_context_from_headers_when_enabled" computerName="DESKTOP-1REV7PD" duration="00:00:00.0982846" startTime="2026-05-16T19:15:49.0762152+01:00" endTime="2026-05-16T19:15:49.1746981+01:00" testType="13cdc9d9-ddb5-4fa4-a97d-d965ccfc6d4b" outcome="Passed" testListId="8c84fa94-04c1-424b-9868-57a2d4851a1d" relativeResultsDirectory="b5c387dd-db1b-4445-bf81-2f51a70d70a2" />
    <UnitTestResult executionId="7f7ada39-b224-42a2-81fd-19bb9b685679" testId="c35f4f7c-ba8d-70a4-37b6-eadcce497ba1" testName="iLiniumTech.Backend.Tests.Polizas.PolizasSqlQueryBuilderTests.BuildSearchQuery_minimizes_legal_document_in_list_projection" computerName="DESKTOP-1REV7PD" duration="00:00:00.0049048" startTime="2026-05-16T19:15:45.9956586+01:00" endTime="2026-05-16T19:15:45.9979097+01:00" testType="13cdc9d9-ddb5-4fa4-a97d-d965ccfc6d4b" outcome="Passed" testListId="8c84fa94-04c1-424b-9868-57a2d4851a1d" relativeResultsDirectory="7f7ada39-b224-42a2-81fd-19bb9b685679" />
    <UnitTestResult executionId="1e917063-babc-4901-a40b-5b7c51b90b75" testId="e950b4f9-85f2-6898-9579-7377ed67ea47" testName="iLiniumTech.Backend.Tests.Polizas.PolizasApiTests.Autos_particulares_catalogs_are_minimized_and_scoped" computerName="DESKTOP-1REV7PD" duration="00:00:00.0567834" startTime="2026-05-16T19:15:49.8276224+01:00" endTime="2026-05-16T19:15:49.8847127+01:00" testType="13cdc9d9-ddb5-4fa4-a97d-d965ccfc6d4b" outcome="Passed" testListId="8c84fa94-04c1-424b-9868-57a2d4851a1d" relativeResultsDirectory="1e917063-babc-4901-a40b-5b7c51b90b75" />
    <UnitTestResult executionId="cccdd130-8e67-4bd7-8ce8-305b0c255b8b" testId="357f47bd-657e-3eb8-fa52-c263150b464a" testName="iLiniumTech.Backend.Tests.Polizas.PolizasApiTests.Autos_particulares_search_supports_pagination_and_basic_filters" computerName="DESKTOP-1REV7PD" duration="00:00:00.0544783" startTime="2026-05-16T19:15:47.6357008+01:00" endTime="2026-05-16T19:15:47.6903334+01:00" testType="13cdc9d9-ddb5-4fa4-a97d-d965ccfc6d4b" outcome="Passed" testListId="8c84fa94-04c1-424b-9868-57a2d4851a1d" relativeResultsDirectory="cccdd130-8e67-4bd7-8ce8-305b0c255b8b" />
    <UnitTestResult executionId="8ef5ecd4-6e91-4752-b3ae-22bb55f00411" testId="cf7c2238-05b7-ba19-cfa4-e2259b004074" testName="iLiniumTech.Backend.Tests.Polizas.PolizasSqlQueryBuilderTests.BuildSearchQuery_uses_whitelisted_sort_column" computerName="DESKTOP-1REV7PD" duration="00:00:00.0001555" startTime="2026-05-16T19:15:45.9667152+01:00" endTime="2026-05-16T19:15:45.9667869+01:00" testType="13cdc9d9-ddb5-4fa4-a97d-d965ccfc6d4b" outcome="Passed" testListId="8c84fa94-04c1-424b-9868-57a2d4851a1d" relativeResultsDirectory="8ef5ecd4-6e91-4752-b3ae-22bb55f00411" />
    <UnitTestResult executionId="f41384ac-ce91-4ffc-a520-42ca03407f8c" testId="916afb57-64f0-00db-d016-d43a4b8db6d0" testName="iLiniumTech.Backend.Tests.Polizas.PolizasApiTests.Autos_particulares_does_not_expose_runtime_metadata_route" computerName="DESKTOP-1REV7PD" duration="00:00:00.0707945" startTime="2026-05-16T19:15:48.9350522+01:00" endTime="2026-05-16T19:15:49.0057372+01:00" testType="13cdc9d9-ddb5-4fa4-a97d-d965ccfc6d4b" outcome="Passed" testListId="8c84fa94-04c1-424b-9868-57a2d4851a1d" relativeResultsDirectory="f41384ac-ce91-4ffc-a520-42ca03407f8c" />
    <UnitTestResult executionId="16bb18b2-e7c6-45d7-ae3c-19596b3d3cfe" testId="0a8a3811-3df7-f47d-69ac-7df9b84e2f7d" testName="iLiniumTech.Backend.Tests.Polizas.PolizasApiTests.Autos_particulares_search_keeps_autos_filter_even_when_query_asks_for_other_ramo" computerName="DESKTOP-1REV7PD" duration="00:00:00.0561356" startTime="2026-05-16T19:15:47.4453437+01:00" endTime="2026-05-16T19:15:47.5016947+01:00" testType="13cdc9d9-ddb5-4fa4-a97d-d965ccfc6d4b" outcome="Passed" testListId="8c84fa94-04c1-424b-9868-57a2d4851a1d" relativeResultsDirectory="16bb18b2-e7c6-45d7-ae3c-19596b3d3cfe" />
    <UnitTestResult executionId="8eced635-b725-457e-9be2-01abe0e9967f" testId="cd42075a-bfc2-bc35-5f4c-15a38ac903a6" testName="iLiniumTech.Backend.Tests.Polizas.PolizasInfrastructureTests.AddInfrastructure_requires_master_connection_for_appbuilder_master_resolver" computerName="DESKTOP-1REV7PD" duration="00:00:00.0009224" startTime="2026-05-16T19:15:46.0011402+01:00" endTime="2026-05-16T19:15:46.0011860+01:00" testType="13cdc9d9-ddb5-4fa4-a97d-d965ccfc6d4b" outcome="Passed" testListId="8c84fa94-04c1-424b-9868-57a2d4851a1d" relativeResultsDirectory="8eced635-b725-457e-9be2-01abe0e9967f" />
    <UnitTestResult executionId="38b2048a-dbe2-4c3d-98df-acc8fdc4aa6d" testId="21247a78-8a85-d769-fef8-c9b2f8270c4f" testName="iLiniumTech.Backend.Tests.Polizas.PolizasSqlQueryBuilderTests.BuildSearchQuery_applies_offset_fetch_pagination(page: 5, pageSize: 10, expectedOffset: 40)" computerName="DESKTOP-1REV7PD" duration="00:00:00.0031862" startTime="2026-05-16T19:15:45.9676005+01:00" endTime="2026-05-16T19:15:45.9944442+01:00" testType="13cdc9d9-ddb5-4fa4-a97d-d965ccfc6d4b" outcome="Passed" testListId="8c84fa94-04c1-424b-9868-57a2d4851a1d" relativeResultsDirectory="38b2048a-dbe2-4c3d-98df-acc8fdc4aa6d" />
    <UnitTestResult executionId="57f6fde7-3c95-423f-93ff-034bfb25ddfc" testId="11d54464-51d3-3af7-6842-06a53fb05481" testName="iLiniumTech.Backend.Tests.Polizas.PolizasApiTests.Ready_reports_sql_configuration_gap_without_secret_values" computerName="DESKTOP-1REV7PD" duration="00:00:00.0754725" startTime="2026-05-16T19:15:49.4116204+01:00" endTime="2026-05-16T19:15:49.4867579+01:00" testType="13cdc9d9-ddb5-4fa4-a97d-d965ccfc6d4b" outcome="Passed" testListId="8c84fa94-04c1-424b-9868-57a2d4851a1d" relativeResultsDirectory="57f6fde7-3c95-423f-93ff-034bfb25ddfc" />
    <UnitTestResult executionId="441b2e82-1e8b-4c84-9a3d-8c23547685a7" testId="02d6b15a-57ce-7e6e-240f-4c8e2336d512" testName="iLiniumTech.Backend.Tests.Polizas.PolizasInfrastructureTests.AddInfrastructure_defaults_to_in_memory_repository" computerName="DESKTOP-1REV7PD" duration="00:00:00.0012673" startTime="2026-05-16T19:15:46.0021471+01:00" endTime="2026-05-16T19:15:46.0023174+01:00" testType="13cdc9d9-ddb5-4fa4-a97d-d965ccfc6d4b" outcome="Passed" testListId="8c84fa94-04c1-424b-9868-57a2d4851a1d" relativeResultsDirectory="441b2e82-1e8b-4c84-9a3d-8c23547685a7" />
    <UnitTestResult executionId="e1c5cca9-fde9-40d7-bcdc-4765d0c8407d" testId="ed40c782-fc5e-5c1b-ae50-748ce60ad560" testName="iLiniumTech.Backend.Tests.Polizas.PolizasApiTests.Ready_allows_header_context_outside_development_with_explicit_demo_opt_in" computerName="DESKTOP-1REV7PD" duration="00:00:00.0697252" startTime="2026-05-16T19:15:49.0058928+01:00" endTime="2026-05-16T19:15:49.0759870+01:00" testType="13cdc9d9-ddb5-4fa4-a97d-d965ccfc6d4b" outcome="Passed" testListId="8c84fa94-04c1-424b-9868-57a2d4851a1d" relativeResultsDirectory="e1c5cca9-fde9-40d7-bcdc-4765d0c8407d" />
    <UnitTestResult executionId="7ad003c4-93fa-442c-b464-7b22f205cdb6" testId="36294e64-44d6-a9cf-e827-3879dbb4f088" testName="iLiniumTech.Backend.Tests.Polizas.PolizasApiTests.Sql_appbuilder_mode_requires_broker_context" computerName="DESKTOP-1REV7PD" duration="00:00:00.0540804" startTime="2026-05-16T19:15:46.9599781+01:00" endTime="2026-05-16T19:15:47.0139575+01:00" testType="13cdc9d9-ddb5-4fa4-a97d-d965ccfc6d4b" outcome="Passed" testListId="8c84fa94-04c1-424b-9868-57a2d4851a1d" relativeResultsDirectory="7ad003c4-93fa-442c-b464-7b22f205cdb6" />
    <UnitTestResult executionId="7154bcdf-07ab-400c-85b9-a52ab344c387" testId="919fcf9b-a4af-d492-7f45-1d1aab120095" testName="iLiniumTech.Backend.Tests.Polizas.PolizasApiTests.Demo_login_is_disabled_outside_development_without_explicit_opt_in" computerName="DESKTOP-1REV7PD" duration="00:00:00.0564803" startTime="2026-05-16T19:15:48.2188592+01:00" endTime="2026-05-16T19:15:48.2754831+01:00" testType="13cdc9d9-ddb5-4fa4-a97d-d965ccfc6d4b" outcome="Passed" testListId="8c84fa94-04c1-424b-9868-57a2d4851a1d" relativeResultsDirectory="7154bcdf-07ab-400c-85b9-a52ab344c387" />
    <UnitTestResult executionId="f1bbc37f-d7a9-419e-b400-f7ac70ebb3da" testId="c3172922-45b6-abb5-0ad3-51bee6bef64a" testName="iLiniumTech.Backend.Tests.Polizas.PolizasSqlQueryBuilderTests.BuildSearchQuery_applies_offset_fetch_pagination(page: 1, pageSize: 25, expectedOffset: 0)" computerName="DESKTOP-1REV7PD" duration="00:00:00.0008331" startTime="2026-05-16T19:15:45.9948032+01:00" endTime="2026-05-16T19:15:45.9948711+01:00" testType="13cdc9d9-ddb5-4fa4-a97d-d965ccfc6d4b" outcome="Passed" testListId="8c84fa94-04c1-424b-9868-57a2d4851a1d" relativeResultsDirectory="f1bbc37f-d7a9-419e-b400-f7ac70ebb3da" />
  </Results>
  <TestDefinitions>
    <UnitTest name="iLiniumTech.Backend.Tests.Polizas.PolizasApiTests.Demo_logout_clears_cookie_session" storage="c:\desarrollo\iliniumtech\iliniumtech.backend\tests\iliniumtech.backend.tests\bin\release\net10.0\iliniumtech.backend.tests.dll" id="13a4262a-b40a-25ce-5d32-c4671428fa98">
      <Execution id="5526fddc-6ab3-4aae-b37a-6f70e8e0d921" />
      <TestMethod codeBase="C:\Desarrollo\iLiniumTech\iLiniumTech.Backend\tests\iLiniumTech.Backend.Tests\bin\Release\net10.0\iLiniumTech.Backend.Tests.dll" adapterTypeName="executor://xunit/VsTestRunner3/netcore/" className="iLiniumTech.Backend.Tests.Polizas.PolizasApiTests" name="Demo_logout_clears_cookie_session" />
    </UnitTest>
    <UnitTest name="iLiniumTech.Backend.Tests.Polizas.PolizasApiTests.Api_key_alone_cannot_switch_demo_session_broker" storage="c:\desarrollo\iliniumtech\iliniumtech.backend\tests\iliniumtech.backend.tests\bin\release\net10.0\iliniumtech.backend.tests.dll" id="044a5920-3199-14a8-10a6-4d09c30c1c17">
      <Execution id="c3ff1da3-860b-4dec-b495-eb5ecc19a558" />
      <TestMethod codeBase="C:\Desarrollo\iLiniumTech\iLiniumTech.Backend\tests\iLiniumTech.Backend.Tests\bin\Release\net10.0\iLiniumTech.Backend.Tests.dll" adapterTypeName="executor://xunit/VsTestRunner3/netcore/" className="iLiniumTech.Backend.Tests.Polizas.PolizasApiTests" name="Api_key_alone_cannot_switch_demo_session_broker" />
    </UnitTest>
    <UnitTest name="iLiniumTech.Backend.Tests.Polizas.PolizasApiTests.Me_rejects_invalid_header_context" storage="c:\desarrollo\iliniumtech\iliniumtech.backend\tests\iliniumtech.backend.tests\bin\release\net10.0\iliniumtech.backend.tests.dll" id="417993d9-4add-11b6-a71c-e0e98e51b014">
      <Execution id="934112a2-d65b-40a9-8db6-3557997290a8" />
      <TestMethod codeBase="C:\Desarrollo\iLiniumTech\iLiniumTech.Backend\tests\iLiniumTech.Backend.Tests\bin\Release\net10.0\iLiniumTech.Backend.Tests.dll" adapterTypeName="executor://xunit/VsTestRunner3/netcore/" className="iLiniumTech.Backend.Tests.Polizas.PolizasApiTests" name="Me_rejects_invalid_header_context" />
    </UnitTest>
    <UnitTest name="iLiniumTech.Backend.Tests.Polizas.PolizasSearchValidatorTests.ValidateAndParseSort_accepts_whitelisted_field" storage="c:\desarrollo\iliniumtech\iliniumtech.backend\tests\iliniumtech.backend.tests\bin\release\net10.0\iliniumtech.backend.tests.dll" id="bc2f0552-ca02-c0cd-d046-080e88fb03ec">
      <Execution id="5f81d7ea-37e2-4430-8d4f-95f68de397d5" />
      <TestMethod codeBase="C:\Desarrollo\iLiniumTech\iLiniumTech.Backend\tests\iLiniumTech.Backend.Tests\bin\Release\net10.0\iLiniumTech.Backend.Tests.dll" adapterTypeName="executor://xunit/VsTestRunner3/netcore/" className="iLiniumTech.Backend.Tests.Polizas.PolizasSearchValidatorTests" name="ValidateAndParseSort_accepts_whitelisted_field" />
    </UnitTest>
    <UnitTest name="iLiniumTech.Backend.Tests.Polizas.AppBuilderConnectionResolverTests.BuildModelConnectionString_allows_trusting_server_certificate_by_explicit_configuration" storage="c:\desarrollo\iliniumtech\iliniumtech.backend\tests\iliniumtech.backend.tests\bin\release\net10.0\iliniumtech.backend.tests.dll" id="7b948a6a-4fae-b2ff-f76a-e5e203c1e6b3">
      <Execution id="3a53470a-491c-4e5a-96f1-9989942e5305" />
      <TestMethod codeBase="C:\Desarrollo\iLiniumTech\iLiniumTech.Backend\tests\iLiniumTech.Backend.Tests\bin\Release\net10.0\iLiniumTech.Backend.Tests.dll" adapterTypeName="executor://xunit/VsTestRunner3/netcore/" className="iLiniumTech.Backend.Tests.Polizas.AppBuilderConnectionResolverTests" name="BuildModelConnectionString_allows_trusting_server_certificate_by_explicit_configuration" />
    </UnitTest>
    <UnitTest name="iLiniumTech.Backend.Tests.Polizas.PolizasSqlQueryBuilderTests.BuildDetailQuery_parameterizes_id" storage="c:\desarrollo\iliniumtech\iliniumtech.backend\tests\iliniumtech.backend.tests\bin\release\net10.0\iliniumtech.backend.tests.dll" id="1f374145-d435-fcee-0b81-9cde698d50da">
      <Execution id="be600e67-c03d-44a7-b969-27e0c9ef647a" />
      <TestMethod codeBase="C:\Desarrollo\iLiniumTech\iLiniumTech.Backend\tests\iLiniumTech.Backend.Tests\bin\Release\net10.0\iLiniumTech.Backend.Tests.dll" adapterTypeName="executor://xunit/VsTestRunner3/netcore/" className="iLiniumTech.Backend.Tests.Polizas.PolizasSqlQueryBuilderTests" name="BuildDetailQuery_parameterizes_id" />
    </UnitTest>
    <UnitTest name="iLiniumTech.Backend.Tests.Polizas.PolizasApiTests.Me_returns_effective_polizas_context_from_headers_when_enabled" storage="c:\desarrollo\iliniumtech\iliniumtech.backend\tests\iliniumtech.backend.tests\bin\release\net10.0\iliniumtech.backend.tests.dll" id="b6c4b426-29a7-0cba-a8d2-884b3815629a">
      <Execution id="b5c387dd-db1b-4445-bf81-2f51a70d70a2" />
      <TestMethod codeBase="C:\Desarrollo\iLiniumTech\iLiniumTech.Backend\tests\iLiniumTech.Backend.Tests\bin\Release\net10.0\iLiniumTech.Backend.Tests.dll" adapterTypeName="executor://xunit/VsTestRunner3/netcore/" className="iLiniumTech.Backend.Tests.Polizas.PolizasApiTests" name="Me_returns_effective_polizas_context_from_headers_when_enabled" />
    </UnitTest>
    <UnitTest name="iLiniumTech.Backend.Tests.Polizas.PolizasApiTests.Sql_repository_configuration_errors_are_sanitized" storage="c:\desarrollo\iliniumtech\iliniumtech.backend\tests\iliniumtech.backend.tests\bin\release\net10.0\iliniumtech.backend.tests.dll" id="3c8129ef-d341-c87b-0668-bfdce0f32649">
      <Execution id="1b57c7e0-98b1-4c70-b919-729a39fbce99" />
      <TestMethod codeBase="C:\Desarrollo\iLiniumTech\iLiniumTech.Backend\tests\iLiniumTech.Backend.Tests\bin\Release\net10.0\iLiniumTech.Backend.Tests.dll" adapterTypeName="executor://xunit/VsTestRunner3/netcore/" className="iLiniumTech.Backend.Tests.Polizas.PolizasApiTests" name="Sql_repository_configuration_errors_are_sanitized" />
    </UnitTest>
    <UnitTest name="iLiniumTech.Backend.Tests.Polizas.PolizasApiTests.Health_is_anonymous" storage="c:\desarrollo\iliniumtech\iliniumtech.backend\tests\iliniumtech.backend.tests\bin\release\net10.0\iliniumtech.backend.tests.dll" id="6fa9fc3a-2812-1154-ba43-c745bfff8ba5">
      <Execution id="0f6040ab-d27f-4cc9-ad07-bdbaa3045f34" />
      <TestMethod codeBase="C:\Desarrollo\iLiniumTech\iLiniumTech.Backend\tests\iLiniumTech.Backend.Tests\bin\Release\net10.0\iLiniumTech.Backend.Tests.dll" adapterTypeName="executor://xunit/VsTestRunner3/netcore/" className="iLiniumTech.Backend.Tests.Polizas.PolizasApiTests" name="Health_is_anonymous" />
    </UnitTest>
    <UnitTest name="iLiniumTech.Backend.Tests.Polizas.PolizasApiTests.Me_requires_api_key" storage="c:\desarrollo\iliniumtech\iliniumtech.backend\tests\iliniumtech.backend.tests\bin\release\net10.0\iliniumtech.backend.tests.dll" id="3aa6f34e-0fb4-033a-e5b0-a1eecff18663">
      <Execution id="012bbf79-a469-45c2-ac6d-25f5083e377b" />
      <TestMethod codeBase="C:\Desarrollo\iLiniumTech\iLiniumTech.Backend\tests\iLiniumTech.Backend.Tests\bin\Release\net10.0\iLiniumTech.Backend.Tests.dll" adapterTypeName="executor://xunit/VsTestRunner3/netcore/" className="iLiniumTech.Backend.Tests.Polizas.PolizasApiTests" name="Me_requires_api_key" />
    </UnitTest>
    <UnitTest name="iLiniumTech.Backend.Tests.Polizas.HeaderPolizasExecutionContextAccessorTests.Current_is_null_without_header_or_fallback" storage="c:\desarrollo\iliniumtech\iliniumtech.backend\tests\iliniumtech.backend.tests\bin\release\net10.0\iliniumtech.backend.tests.dll" id="cd8e48c0-6432-dc77-9c51-402cbdf6d677">
      <Execution id="5422f9ad-88a4-4634-90de-76918d7030df" />
      <TestMethod codeBase="C:\Desarrollo\iLiniumTech\iLiniumTech.Backend\tests\iLiniumTech.Backend.Tests\bin\Release\net10.0\iLiniumTech.Backend.Tests.dll" adapterTypeName="executor://xunit/VsTestRunner3/netcore/" className="iLiniumTech.Backend.Tests.Polizas.HeaderPolizasExecutionContextAccessorTests" name="Current_is_null_without_header_or_fallback" />
    </UnitTest>
    <UnitTest name="iLiniumTech.Backend.Tests.Polizas.PolizasApiTests.Ready_reports_unavailable_when_api_key_is_not_configured" storage="c:\desarrollo\iliniumtech\iliniumtech.backend\tests\iliniumtech.backend.tests\bin\release\net10.0\iliniumtech.backend.tests.dll" id="f7bbf3ab-c4cd-8fa6-dab7-aef5b53c1e86">
      <Execution id="a943daa6-cb34-4ea7-9d66-af2b8e8e4a23" />
      <TestMethod codeBase="C:\Desarrollo\iLiniumTech\iLiniumTech.Backend\tests\iLiniumTech.Backend.Tests\bin\Release\net10.0\iLiniumTech.Backend.Tests.dll" adapterTypeName="executor://xunit/VsTestRunner3/netcore/" className="iLiniumTech.Backend.Tests.Polizas.PolizasApiTests" name="Ready_reports_unavailable_when_api_key_is_not_configured" />
    </UnitTest>
    <UnitTest name="iLiniumTech.Backend.Tests.Polizas.PolizasApiTests.Metadata_is_deprecated_without_appbuilder_reference" storage="c:\desarrollo\iliniumtech\iliniumtech.backend\tests\iliniumtech.backend.tests\bin\release\net10.0\iliniumtech.backend.tests.dll" id="180b78b6-f678-55c3-f1a0-eee1e2511abb">
      <Execution id="abd609a2-1ffd-44c3-8729-779e5274e884" />
      <TestMethod codeBase="C:\Desarrollo\iLiniumTech\iLiniumTech.Backend\tests\iLiniumTech.Backend.Tests\bin\Release\net10.0\iLiniumTech.Backend.Tests.dll" adapterTypeName="executor://xunit/VsTestRunner3/netcore/" className="iLiniumTech.Backend.Tests.Polizas.PolizasApiTests" name="Metadata_is_deprecated_without_appbuilder_reference" />
    </UnitTest>
    <UnitTest name="iLiniumTech.Backend.Tests.Polizas.PolizasSqlQueryBuilderTests.BuildSearchQuery_does_not_duplicate_numero_tie_breaker" storage="c:\desarrollo\iliniumtech\iliniumtech.backend\tests\iliniumtech.backend.tests\bin\release\net10.0\iliniumtech.backend.tests.dll" id="7bae5ff7-80d6-49b5-e743-7c94dbc28257">
      <Execution id="cf0f2cd1-005c-4bc6-87f3-a5314acb2ff3" />
      <TestMethod codeBase="C:\Desarrollo\iLiniumTech\iLiniumTech.Backend\tests\iLiniumTech.Backend.Tests\bin\Release\net10.0\iLiniumTech.Backend.Tests.dll" adapterTypeName="executor://xunit/VsTestRunner3/netcore/" className="iLiniumTech.Backend.Tests.Polizas.PolizasSqlQueryBuilderTests" name="BuildSearchQuery_does_not_duplicate_numero_tie_breaker" />
    </UnitTest>
    <UnitTest name="iLiniumTech.Backend.Tests.Polizas.PolizasApiTests.Sql_appbuilder_mode_rejects_invalid_header_broker_context" storage="c:\desarrollo\iliniumtech\iliniumtech.backend\tests\iliniumtech.backend.tests\bin\release\net10.0\iliniumtech.backend.tests.dll" id="21eae7dd-1020-32f1-77d0-9cc1ce14a731">
      <Execution id="d9e77251-124b-44ab-a7d6-4440b1ce12f7" />
      <TestMethod codeBase="C:\Desarrollo\iLiniumTech\iLiniumTech.Backend\tests\iLiniumTech.Backend.Tests\bin\Release\net10.0\iLiniumTech.Backend.Tests.dll" adapterTypeName="executor://xunit/VsTestRunner3/netcore/" className="iLiniumTech.Backend.Tests.Polizas.PolizasApiTests" name="Sql_appbuilder_mode_rejects_invalid_header_broker_context" />
    </UnitTest>
    <UnitTest name="iLiniumTech.Backend.Tests.Polizas.PolizasApiTests.Me_ignores_header_context_outside_development_without_explicit_override" storage="c:\desarrollo\iliniumtech\iliniumtech.backend\tests\iliniumtech.backend.tests\bin\release\net10.0\iliniumtech.backend.tests.dll" id="6aa184c8-fb50-0da2-0cd2-16b21494e887">
      <Execution id="308ecb4d-ff06-4339-b097-63d0deea9b6c" />
      <TestMethod codeBase="C:\Desarrollo\iLiniumTech\iLiniumTech.Backend\tests\iLiniumTech.Backend.Tests\bin\Release\net10.0\iLiniumTech.Backend.Tests.dll" adapterTypeName="executor://xunit/VsTestRunner3/netcore/" className="iLiniumTech.Backend.Tests.Polizas.PolizasApiTests" name="Me_ignores_header_context_outside_development_without_explicit_override" />
    </UnitTest>
    <UnitTest name="iLiniumTech.Backend.Tests.Polizas.PolizasSqlQueryBuilderTests.BuildDetailQuery_can_scope_detail_by_ramo" storage="c:\desarrollo\iliniumtech\iliniumtech.backend\tests\iliniumtech.backend.tests\bin\release\net10.0\iliniumtech.backend.tests.dll" id="de46218a-7577-3293-9843-31109cc6459c">
      <Execution id="0ddda322-a570-4e7e-8ee3-018524d39e2c" />
      <TestMethod codeBase="C:\Desarrollo\iLiniumTech\iLiniumTech.Backend\tests\iLiniumTech.Backend.Tests\bin\Release\net10.0\iLiniumTech.Backend.Tests.dll" adapterTypeName="executor://xunit/VsTestRunner3/netcore/" className="iLiniumTech.Backend.Tests.Polizas.PolizasSqlQueryBuilderTests" name="BuildDetailQuery_can_scope_detail_by_ramo" />
    </UnitTest>
    <UnitTest name="iLiniumTech.Backend.Tests.Polizas.PolizasApiTests.Demo_session_with_catalogs_permission_can_read_catalogs" storage="c:\desarrollo\iliniumtech\iliniumtech.backend\tests\iliniumtech.backend.tests\bin\release\net10.0\iliniumtech.backend.tests.dll" id="b8b7379c-554d-fcfa-555f-ec67f2884629">
      <Execution id="b14ce5a9-ff44-4f5a-9059-a71fae517f12" />
      <TestMethod codeBase="C:\Desarrollo\iLiniumTech\iLiniumTech.Backend\tests\iLiniumTech.Backend.Tests\bin\Release\net10.0\iLiniumTech.Backend.Tests.dll" adapterTypeName="executor://xunit/VsTestRunner3/netcore/" className="iLiniumTech.Backend.Tests.Polizas.PolizasApiTests" name="Demo_session_with_catalogs_permission_can_read_catalogs" />
    </UnitTest>
    <UnitTest name="iLiniumTech.Backend.Tests.Polizas.PolizasSqlQueryBuilderTests.BuildDetailQuery_minimizes_legal_document_in_detail_projection" storage="c:\desarrollo\iliniumtech\iliniumtech.backend\tests\iliniumtech.backend.tests\bin\release\net10.0\iliniumtech.backend.tests.dll" id="c7d7c313-cb84-b828-dfd5-7bf4e571137b">
      <Execution id="1d33d932-6b3f-45cc-a3c6-6377f8866711" />
      <TestMethod codeBase="C:\Desarrollo\iLiniumTech\iLiniumTech.Backend\tests\iLiniumTech.Backend.Tests\bin\Release\net10.0\iLiniumTech.Backend.Tests.dll" adapterTypeName="executor://xunit/VsTestRunner3/netcore/" className="iLiniumTech.Backend.Tests.Polizas.PolizasSqlQueryBuilderTests" name="BuildDetailQuery_minimizes_legal_document_in_detail_projection" />
    </UnitTest>
    <UnitTest name="iLiniumTech.Backend.Tests.Polizas.AppBuilderConnectionResolverTests.Protector_decrypts_appbuilder_aes_values" storage="c:\desarrollo\iliniumtech\iliniumtech.backend\tests\iliniumtech.backend.tests\bin\release\net10.0\iliniumtech.backend.tests.dll" id="4d385bbc-f59c-f092-f2b8-ea2fcbbfeed1">
      <Execution id="ac5c48df-79b0-496e-aaee-1e43114ee3d2" />
      <TestMethod codeBase="C:\Desarrollo\iLiniumTech\iLiniumTech.Backend\tests\iLiniumTech.Backend.Tests\bin\Release\net10.0\iLiniumTech.Backend.Tests.dll" adapterTypeName="executor://xunit/VsTestRunner3/netcore/" className="iLiniumTech.Backend.Tests.Polizas.AppBuilderConnectionResolverTests" name="Protector_decrypts_appbuilder_aes_values" />
    </UnitTest>
    <UnitTest name="iLiniumTech.Backend.Tests.Polizas.AppBuilderConnectionResolverTests.AppBuilderMaster_resolver_requires_runtime_broker_context" storage="c:\desarrollo\iliniumtech\iliniumtech.backend\tests\iliniumtech.backend.tests\bin\release\net10.0\iliniumtech.backend.tests.dll" id="08eb79ef-f395-2dc2-86aa-d9512d68040f">
      <Execution id="54ec3c7b-618b-46e7-98ac-27f980388aef" />
      <TestMethod codeBase="C:\Desarrollo\iLiniumTech\iLiniumTech.Backend\tests\iLiniumTech.Backend.Tests\bin\Release\net10.0\iLiniumTech.Backend.Tests.dll" adapterTypeName="executor://xunit/VsTestRunner3/netcore/" className="iLiniumTech.Backend.Tests.Polizas.AppBuilderConnectionResolverTests" name="AppBuilderMaster_resolver_requires_runtime_broker_context" />
    </UnitTest>
    <UnitTest name="iLiniumTech.Backend.Tests.Polizas.PolizasApiTests.Autos_particulares_search_returns_only_autos_fixture_data" storage="c:\desarrollo\iliniumtech\iliniumtech.backend\tests\iliniumtech.backend.tests\bin\release\net10.0\iliniumtech.backend.tests.dll" id="7238cd6c-35e1-3c85-40f6-a353b45a6015">
      <Execution id="4f1126d1-67c6-493f-85cf-92fafe973ca4" />
      <TestMethod codeBase="C:\Desarrollo\iLiniumTech\iLiniumTech.Backend\tests\iLiniumTech.Backend.Tests\bin\Release\net10.0\iLiniumTech.Backend.Tests.dll" adapterTypeName="executor://xunit/VsTestRunner3/netcore/" className="iLiniumTech.Backend.Tests.Polizas.PolizasApiTests" name="Autos_particulares_search_returns_only_autos_fixture_data" />
    </UnitTest>
    <UnitTest name="iLiniumTech.Backend.Tests.Polizas.PolizasSearchValidatorTests.ValidateAndParseSort_rejects_unknown_sort_fields" storage="c:\desarrollo\iliniumtech\iliniumtech.backend\tests\iliniumtech.backend.tests\bin\release\net10.0\iliniumtech.backend.tests.dll" id="1ba1ca7a-5c25-dfa8-25a2-bed04f1285d3">
      <Execution id="f4882cc1-7d4c-4b8d-801f-50c363ed20b4" />
      <TestMethod codeBase="C:\Desarrollo\iLiniumTech\iLiniumTech.Backend\tests\iLiniumTech.Backend.Tests\bin\Release\net10.0\iLiniumTech.Backend.Tests.dll" adapterTypeName="executor://xunit/VsTestRunner3/netcore/" className="iLiniumTech.Backend.Tests.Polizas.PolizasSearchValidatorTests" name="ValidateAndParseSort_rejects_unknown_sort_fields" />
    </UnitTest>
    <UnitTest name="iLiniumTech.Backend.Tests.Polizas.PolizasApiTests.Autos_particulares_detail_returns_autos_and_hides_other_ramos" storage="c:\desarrollo\iliniumtech\iliniumtech.backend\tests\iliniumtech.backend.tests\bin\release\net10.0\iliniumtech.backend.tests.dll" id="7097b4f5-0329-805e-7d2b-c9e08227fde7">
      <Execution id="4a2e12ba-8861-4e0a-9649-fd5d2281fde6" />
      <TestMethod codeBase="C:\Desarrollo\iLiniumTech\iLiniumTech.Backend\tests\iLiniumTech.Backend.Tests\bin\Release\net10.0\iLiniumTech.Backend.Tests.dll" adapterTypeName="executor://xunit/VsTestRunner3/netcore/" className="iLiniumTech.Backend.Tests.Polizas.PolizasApiTests" name="Autos_particulares_detail_returns_autos_and_hides_other_ramos" />
    </UnitTest>
    <UnitTest name="iLiniumTech.Backend.Tests.Polizas.PolizasApiTests.Demo_session_read_permission_does_not_allow_detail" storage="c:\desarrollo\iliniumtech\iliniumtech.backend\tests\iliniumtech.backend.tests\bin\release\net10.0\iliniumtech.backend.tests.dll" id="6c6a9e0c-d504-8146-7d35-8cd094b7ed4b">
      <Execution id="09ec8bb1-585e-491d-9db5-0373998b7cdf" />
      <TestMethod codeBase="C:\Desarrollo\iLiniumTech\iLiniumTech.Backend\tests\iLiniumTech.Backend.Tests\bin\Release\net10.0\iLiniumTech.Backend.Tests.dll" adapterTypeName="executor://xunit/VsTestRunner3/netcore/" className="iLiniumTech.Backend.Tests.Polizas.PolizasApiTests" name="Demo_session_read_permission_does_not_allow_detail" />
    </UnitTest>
    <UnitTest name="iLiniumTech.Backend.Tests.Polizas.AppBuilderConnectionResolverTests.Protector_returns_plain_values_when_key_is_not_configured" storage="c:\desarrollo\iliniumtech\iliniumtech.backend\tests\iliniumtech.backend.tests\bin\release\net10.0\iliniumtech.backend.tests.dll" id="8037b4cf-7882-04bd-936e-095271a84313">
      <Execution id="52cd900f-875d-4ffd-89ea-29e5c7ef4577" />
      <TestMethod codeBase="C:\Desarrollo\iLiniumTech\iLiniumTech.Backend\tests\iLiniumTech.Backend.Tests\bin\Release\net10.0\iLiniumTech.Backend.Tests.dll" adapterTypeName="executor://xunit/VsTestRunner3/netcore/" className="iLiniumTech.Backend.Tests.Polizas.AppBuilderConnectionResolverTests" name="Protector_returns_plain_values_when_key_is_not_configured" />
    </UnitTest>
    <UnitTest name="iLiniumTech.Backend.Tests.Polizas.PolizasInfrastructureTests.AddInfrastructure_registers_sql_repository_with_static_connection_provider" storage="c:\desarrollo\iliniumtech\iliniumtech.backend\tests\iliniumtech.backend.tests\bin\release\net10.0\iliniumtech.backend.tests.dll" id="ea448b05-e2a1-04b5-d894-a20394e21b38">
      <Execution id="5e4d1a8d-1aa2-4de5-b848-d832ea51d166" />
      <TestMethod codeBase="C:\Desarrollo\iLiniumTech\iLiniumTech.Backend\tests\iLiniumTech.Backend.Tests\bin\Release\net10.0\iLiniumTech.Backend.Tests.dll" adapterTypeName="executor://xunit/VsTestRunner3/netcore/" className="iLiniumTech.Backend.Tests.Polizas.PolizasInfrastructureTests" name="AddInfrastructure_registers_sql_repository_with_static_connection_provider" />
    </UnitTest>
    <UnitTest name="iLiniumTech.Backend.Tests.Polizas.PolizasApiTests.Demo_login_rejects_invalid_credentials_without_setting_session_cookie" storage="c:\desarrollo\iliniumtech\iliniumtech.backend\tests\iliniumtech.backend.tests\bin\release\net10.0\iliniumtech.backend.tests.dll" id="50f62751-042b-8617-6f19-a677d8de52c2">
      <Execution id="195210d5-61c4-4f55-b314-772454ed5f85" />
      <TestMethod codeBase="C:\Desarrollo\iLiniumTech\iLiniumTech.Backend\tests\iLiniumTech.Backend.Tests\bin\Release\net10.0\iLiniumTech.Backend.Tests.dll" adapterTypeName="executor://xunit/VsTestRunner3/netcore/" className="iLiniumTech.Backend.Tests.Polizas.PolizasApiTests" name="Demo_login_rejects_invalid_credentials_without_setting_session_cookie" />
    </UnitTest>
    <UnitTest name="iLiniumTech.Backend.Tests.Polizas.PolizasApiTests.Ready_rejects_outside_development_header_override_without_demo_opt_in" storage="c:\desarrollo\iliniumtech\iliniumtech.backend\tests\iliniumtech.backend.tests\bin\release\net10.0\iliniumtech.backend.tests.dll" id="716056ba-ccd6-be73-a3c4-a4efdbae5a2a">
      <Execution id="8469f7c9-396d-4d87-a4cc-d07c959d9aa2" />
      <TestMethod codeBase="C:\Desarrollo\iLiniumTech\iLiniumTech.Backend\tests\iLiniumTech.Backend.Tests\bin\Release\net10.0\iLiniumTech.Backend.Tests.dll" adapterTypeName="executor://xunit/VsTestRunner3/netcore/" className="iLiniumTech.Backend.Tests.Polizas.PolizasApiTests" name="Ready_rejects_outside_development_header_override_without_demo_opt_in" />
    </UnitTest>
    <UnitTest name="iLiniumTech.Backend.Tests.Polizas.PolizasApiTests.Demo_session_rejects_broker_switch_outside_allowed_brokers_without_exposing_ids" storage="c:\desarrollo\iliniumtech\iliniumtech.backend\tests\iliniumtech.backend.tests\bin\release\net10.0\iliniumtech.backend.tests.dll" id="40551f50-f54a-6b61-8602-e19271ce42d4">
      <Execution id="420c6971-d45f-4002-80cd-08c3e7059cfa" />
      <TestMethod codeBase="C:\Desarrollo\iLiniumTech\iLiniumTech.Backend\tests\iLiniumTech.Backend.Tests\bin\Release\net10.0\iLiniumTech.Backend.Tests.dll" adapterTypeName="executor://xunit/VsTestRunner3/netcore/" className="iLiniumTech.Backend.Tests.Polizas.PolizasApiTests" name="Demo_session_rejects_broker_switch_outside_allowed_brokers_without_exposing_ids" />
    </UnitTest>
    <UnitTest name="iLiniumTech.Backend.Tests.Polizas.PolizasSqlQueryBuilderTests.BuildCountQuery_applies_same_date_effect_filters_without_pagination" storage="c:\desarrollo\iliniumtech\iliniumtech.backend\tests\iliniumtech.backend.tests\bin\release\net10.0\iliniumtech.backend.tests.dll" id="f7b47e4e-4039-dcef-e363-3385b140b0aa">
      <Execution id="1ee484f4-486a-439a-8791-68d240f1a93b" />
      <TestMethod codeBase="C:\Desarrollo\iLiniumTech\iLiniumTech.Backend\tests\iLiniumTech.Backend.Tests\bin\Release\net10.0\iLiniumTech.Backend.Tests.dll" adapterTypeName="executor://xunit/VsTestRunner3/netcore/" className="iLiniumTech.Backend.Tests.Polizas.PolizasSqlQueryBuilderTests" name="BuildCountQuery_applies_same_date_effect_filters_without_pagination" />
    </UnitTest>
    <UnitTest name="iLiniumTech.Backend.Tests.Polizas.PolizasInfrastructureTests.AddInfrastructure_requires_connection_string_for_sql_repository" storage="c:\desarrollo\iliniumtech\iliniumtech.backend\tests\iliniumtech.backend.tests\bin\release\net10.0\iliniumtech.backend.tests.dll" id="26258c4d-c07e-7a10-915b-92f76d281c32">
      <Execution id="1dd63161-4a5a-478c-9d67-8bb9dcc615de" />
      <TestMethod codeBase="C:\Desarrollo\iLiniumTech\iLiniumTech.Backend\tests\iLiniumTech.Backend.Tests\bin\Release\net10.0\iLiniumTech.Backend.Tests.dll" adapterTypeName="executor://xunit/VsTestRunner3/netcore/" className="iLiniumTech.Backend.Tests.Polizas.PolizasInfrastructureTests" name="AddInfrastructure_requires_connection_string_for_sql_repository" />
    </UnitTest>
    <UnitTest name="iLiniumTech.Backend.Tests.Polizas.PolizasApiTests.Me_can_use_header_context_outside_development_with_explicit_override" storage="c:\desarrollo\iliniumtech\iliniumtech.backend\tests\iliniumtech.backend.tests\bin\release\net10.0\iliniumtech.backend.tests.dll" id="f0804c8a-4efb-02f7-8610-e4f562b46994">
      <Execution id="b8900aac-8cde-400e-95d6-f8e070b21679" />
      <TestMethod codeBase="C:\Desarrollo\iLiniumTech\iLiniumTech.Backend\tests\iLiniumTech.Backend.Tests\bin\Release\net10.0\iLiniumTech.Backend.Tests.dll" adapterTypeName="executor://xunit/VsTestRunner3/netcore/" className="iLiniumTech.Backend.Tests.Polizas.PolizasApiTests" name="Me_can_use_header_context_outside_development_with_explicit_override" />
    </UnitTest>
    <UnitTest name="iLiniumTech.Backend.Tests.Polizas.PolizasApiTests.GetById_returns_poliza_detail" storage="c:\desarrollo\iliniumtech\iliniumtech.backend\tests\iliniumtech.backend.tests\bin\release\net10.0\iliniumtech.backend.tests.dll" id="665eb1d5-3ff5-03e1-6bfb-99a080b631a8">
      <Execution id="b7a65d74-95c4-44c2-af61-71f2dd930e91" />
      <TestMethod codeBase="C:\Desarrollo\iLiniumTech\iLiniumTech.Backend\tests\iLiniumTech.Backend.Tests\bin\Release\net10.0\iLiniumTech.Backend.Tests.dll" adapterTypeName="executor://xunit/VsTestRunner3/netcore/" className="iLiniumTech.Backend.Tests.Polizas.PolizasApiTests" name="GetById_returns_poliza_detail" />
    </UnitTest>
    <UnitTest name="iLiniumTech.Backend.Tests.Polizas.PolizasApiTests.Search_returns_polizas_data" storage="c:\desarrollo\iliniumtech\iliniumtech.backend\tests\iliniumtech.backend.tests\bin\release\net10.0\iliniumtech.backend.tests.dll" id="bd309a85-329a-3659-82f7-a328120500d4">
      <Execution id="39d1e8c8-c8d9-4bc0-9ed5-477c7c808710" />
      <TestMethod codeBase="C:\Desarrollo\iLiniumTech\iLiniumTech.Backend\tests\iLiniumTech.Backend.Tests\bin\Release\net10.0\iLiniumTech.Backend.Tests.dll" adapterTypeName="executor://xunit/VsTestRunner3/netcore/" className="iLiniumTech.Backend.Tests.Polizas.PolizasApiTests" name="Search_returns_polizas_data" />
    </UnitTest>
    <UnitTest name="iLiniumTech.Backend.Tests.Polizas.PolizasApiTests.Api_key_mvp_remains_legacy_compatibility_for_policy_protected_polizas" storage="c:\desarrollo\iliniumtech\iliniumtech.backend\tests\iliniumtech.backend.tests\bin\release\net10.0\iliniumtech.backend.tests.dll" id="a2259632-10b1-6a78-0ed0-b4ffce23a276">
      <Execution id="bc6bd84d-4f86-46ab-ac15-d722cb585ee3" />
      <TestMethod codeBase="C:\Desarrollo\iLiniumTech\iLiniumTech.Backend\tests\iLiniumTech.Backend.Tests\bin\Release\net10.0\iLiniumTech.Backend.Tests.dll" adapterTypeName="executor://xunit/VsTestRunner3/netcore/" className="iLiniumTech.Backend.Tests.Polizas.PolizasApiTests" name="Api_key_mvp_remains_legacy_compatibility_for_policy_protected_polizas" />
    </UnitTest>
    <UnitTest name="iLiniumTech.Backend.Tests.Polizas.PolizasInfrastructureTests.AddInfrastructure_requires_master_connection_for_appbuilder_master_resolver" storage="c:\desarrollo\iliniumtech\iliniumtech.backend\tests\iliniumtech.backend.tests\bin\release\net10.0\iliniumtech.backend.tests.dll" id="cd42075a-bfc2-bc35-5f4c-15a38ac903a6">
      <Execution id="8eced635-b725-457e-9be2-01abe0e9967f" />
      <TestMethod codeBase="C:\Desarrollo\iLiniumTech\iLiniumTech.Backend\tests\iLiniumTech.Backend.Tests\bin\Release\net10.0\iLiniumTech.Backend.Tests.dll" adapterTypeName="executor://xunit/VsTestRunner3/netcore/" className="iLiniumTech.Backend.Tests.Polizas.PolizasInfrastructureTests" name="AddInfrastructure_requires_master_connection_for_appbuilder_master_resolver" />
    </UnitTest>
    <UnitTest name="iLiniumTech.Backend.Tests.Polizas.PolizasApiTests.Demo_session_rejects_non_positive_broker_switch_with_sanitized_error" storage="c:\desarrollo\iliniumtech\iliniumtech.backend\tests\iliniumtech.backend.tests\bin\release\net10.0\iliniumtech.backend.tests.dll" id="5cba42fb-ee83-2e2a-e42d-1270d689b8c7">
      <Execution id="814f221d-11ae-49b8-a127-498bd5b95aaf" />
      <TestMethod codeBase="C:\Desarrollo\iLiniumTech\iLiniumTech.Backend\tests\iLiniumTech.Backend.Tests\bin\Release\net10.0\iLiniumTech.Backend.Tests.dll" adapterTypeName="executor://xunit/VsTestRunner3/netcore/" className="iLiniumTech.Backend.Tests.Polizas.PolizasApiTests" name="Demo_session_rejects_non_positive_broker_switch_with_sanitized_error" />
    </UnitTest>
    <UnitTest name="iLiniumTech.Backend.Tests.Polizas.HeaderPolizasExecutionContextAccessorTests.Current_ignores_header_context_outside_development_without_override" storage="c:\desarrollo\iliniumtech\iliniumtech.backend\tests\iliniumtech.backend.tests\bin\release\net10.0\iliniumtech.backend.tests.dll" id="bc44d2e7-c3ce-ecc9-3706-f95a73330746">
      <Execution id="11b5120c-93ae-4a17-9038-715b8e3d1455" />
      <TestMethod codeBase="C:\Desarrollo\iLiniumTech\iLiniumTech.Backend\tests\iLiniumTech.Backend.Tests\bin\Release\net10.0\iLiniumTech.Backend.Tests.dll" adapterTypeName="executor://xunit/VsTestRunner3/netcore/" className="iLiniumTech.Backend.Tests.Polizas.HeaderPolizasExecutionContextAccessorTests" name="Current_ignores_header_context_outside_development_without_override" />
    </UnitTest>
    <UnitTest name="iLiniumTech.Backend.Tests.Polizas.PolizasSqlQueryBuilderTests.BuildSearchQuery_minimizes_legal_document_in_list_projection" storage="c:\desarrollo\iliniumtech\iliniumtech.backend\tests\iliniumtech.backend.tests\bin\release\net10.0\iliniumtech.backend.tests.dll" id="c35f4f7c-ba8d-70a4-37b6-eadcce497ba1">
      <Execution id="7f7ada39-b224-42a2-81fd-19bb9b685679" />
      <TestMethod codeBase="C:\Desarrollo\iLiniumTech\iLiniumTech.Backend\tests\iLiniumTech.Backend.Tests\bin\Release\net10.0\iLiniumTech.Backend.Tests.dll" adapterTypeName="executor://xunit/VsTestRunner3/netcore/" className="iLiniumTech.Backend.Tests.Polizas.PolizasSqlQueryBuilderTests" name="BuildSearchQuery_minimizes_legal_document_in_list_projection" />
    </UnitTest>
    <UnitTest name="iLiniumTech.Backend.Tests.Polizas.PolizasApiTests.Demo_session_rejects_broker_switch_when_allowed_brokers_are_missing" storage="c:\desarrollo\iliniumtech\iliniumtech.backend\tests\iliniumtech.backend.tests\bin\release\net10.0\iliniumtech.backend.tests.dll" id="497644ba-2607-81d1-e72b-6ad818de0e4d">
      <Execution id="ebc1956c-8d06-4f03-a7e6-b007457dd1a1" />
      <TestMethod codeBase="C:\Desarrollo\iLiniumTech\iLiniumTech.Backend\tests\iLiniumTech.Backend.Tests\bin\Release\net10.0\iLiniumTech.Backend.Tests.dll" adapterTypeName="executor://xunit/VsTestRunner3/netcore/" className="iLiniumTech.Backend.Tests.Polizas.PolizasApiTests" name="Demo_session_rejects_broker_switch_when_allowed_brokers_are_missing" />
    </UnitTest>
[...]
info: Microsoft.Hosting.Lifetime[0]&#xD;
      Hosting environment: Development&#xD;
info: Microsoft.Hosting.Lifetime[0]&#xD;
      Content root path: C:\Desarrollo\iLiniumTech\iLiniumTech.Backend\src\iLiniumTech.Backend.Api&#xD;
info: iLiniumTech.Backend.Api.Security.ApiKeyAuthenticationHandler[7]&#xD;
      ApiKey was not authenticated. Failure message: API key header is missing.&#xD;
info: Microsoft.Hosting.Lifetime[0]&#xD;
      Application is shutting down...&#xD;
info: Microsoft.Hosting.Lifetime[0]&#xD;
      Application started. Press Ctrl+C to shut down.&#xD;
info: Microsoft.Hosting.Lifetime[0]&#xD;
      Hosting environment: Development&#xD;
info: Microsoft.Hosting.Lifetime[0]&#xD;
      Content root path: C:\Desarrollo\iLiniumTech\iLiniumTech.Backend\src\iLiniumTech.Backend.Api&#xD;
info: Microsoft.Hosting.Lifetime[0]&#xD;
      Application is shutting down...&#xD;
info: Microsoft.Hosting.Lifetime[0]&#xD;
      Application started. Press Ctrl+C to shut down.&#xD;
info: Microsoft.Hosting.Lifetime[0]&#xD;
      Hosting environment: Development&#xD;
info: Microsoft.Hosting.Lifetime[0]&#xD;
      Content root path: C:\Desarrollo\iLiniumTech\iLiniumTech.Backend\src\iLiniumTech.Backend.Api&#xD;
info: Microsoft.Hosting.Lifetime[0]&#xD;
      Application is shutting down...&#xD;
info: Microsoft.Hosting.Lifetime[0]&#xD;
      Application started. Press Ctrl+C to shut down.&#xD;
info: Microsoft.Hosting.Lifetime[0]&#xD;
      Hosting environment: Development&#xD;
info: Microsoft.Hosting.Lifetime[0]&#xD;
      Content root path: C:\Desarrollo\iLiniumTech\iLiniumTech.Backend\src\iLiniumTech.Backend.Api&#xD;
info: Microsoft.Hosting.Lifetime[0]&#xD;
      Application is shutting down...&#xD;
info: Microsoft.Hosting.Lifetime[0]&#xD;
      Application started. Press Ctrl+C to shut down.&#xD;
info: Microsoft.Hosting.Lifetime[0]&#xD;
      Hosting environment: Development&#xD;
info: Microsoft.Hosting.Lifetime[0]&#xD;
      Content root path: C:\Desarrollo\iLiniumTech\iLiniumTech.Backend\src\iLiniumTech.Backend.Api&#xD;
info: Microsoft.Hosting.Lifetime[0]&#xD;
      Application is shutting down...&#xD;
info: Microsoft.Hosting.Lifetime[0]&#xD;
      Application started. Press Ctrl+C to shut down.&#xD;
info: Microsoft.Hosting.Lifetime[0]&#xD;
      Hosting environment: Development&#xD;
info: Microsoft.Hosting.Lifetime[0]&#xD;
      Content root path: C:\Desarrollo\iLiniumTech\iLiniumTech.Backend\src\iLiniumTech.Backend.Api&#xD;
info: iLiniumTech.Backend.Api.Security.ApiKeyAuthenticationHandler[7]&#xD;
      ApiKey was not authenticated. Failure message: API key is not configured.&#xD;
info: Microsoft.Hosting.Lifetime[0]&#xD;
      Application is shutting down...&#xD;
info: Microsoft.Hosting.Lifetime[0]&#xD;
      Application started. Press Ctrl+C to shut down.&#xD;
info: Microsoft.Hosting.Lifetime[0]&#xD;
      Hosting environment: Development&#xD;
info: Microsoft.Hosting.Lifetime[0]&#xD;
      Content root path: C:\Desarrollo\iLiniumTech\iLiniumTech.Backend\src\iLiniumTech.Backend.Api&#xD;
info: iLiniumTech.Backend.Api.Security.ApiKeyAuthenticationHandler[7]&#xD;
      ApiKey was not authenticated. Failure message: API key header is missing.&#xD;
info: Microsoft.Hosting.Lifetime[0]&#xD;
      Application is shutting down...&#xD;
info: Microsoft.Hosting.Lifetime[0]&#xD;
      Application started. Press Ctrl+C to shut down.&#xD;
info: Microsoft.Hosting.Lifetime[0]&#xD;
      Hosting environment: Development&#xD;
info: Microsoft.Hosting.Lifetime[0]&#xD;
      Content root path: C:\Desarrollo\iLiniumTech\iLiniumTech.Backend\src\iLiniumTech.Backend.Api&#xD;
info: Microsoft.Hosting.Lifetime[0]&#xD;
      Application is shutting down...&#xD;
info: Microsoft.Hosting.Lifetime[0]&#xD;
      Application started. Press Ctrl+C to shut down.&#xD;
info: Microsoft.Hosting.Lifetime[0]&#xD;
      Hosting environment: Development&#xD;
info: Microsoft.Hosting.Lifetime[0]&#xD;
      Content root path: C:\Desarrollo\iLiniumTech\iLiniumTech.Backend\src\iLiniumTech.Backend.Api&#xD;
info: iLiniumTech.Backend.Api.Security.ApiKeyAuthenticationHandler[7]&#xD;
      ApiKey was not authenticated. Failure message: API key header is missing.&#xD;
info: Microsoft.Hosting.Lifetime[0]&#xD;
      Application is shutting down...&#xD;
info: Microsoft.Hosting.Lifetime[0]&#xD;
      Application started. Press Ctrl+C to shut down.&#xD;
info: Microsoft.Hosting.Lifetime[0]&#xD;
      Hosting environment: Development&#xD;
info: Microsoft.Hosting.Lifetime[0]&#xD;
      Content root path: C:\Desarrollo\iLiniumTech\iLiniumTech.Backend\src\iLiniumTech.Backend.Api&#xD;
info: Microsoft.Hosting.Lifetime[0]&#xD;
      Application is shutting down...&#xD;
info: Microsoft.Hosting.Lifetime[0]&#xD;
      Application started. Press Ctrl+C to shut down.&#xD;
info: Microsoft.Hosting.Lifetime[0]&#xD;
      Hosting environment: Production&#xD;
info: Microsoft.Hosting.Lifetime[0]&#xD;
      Content root path: C:\Desarrollo\iLiniumTech\iLiniumTech.Backend\src\iLiniumTech.Backend.Api&#xD;
info: iLiniumTech.Backend.Api.Security.ApiKeyAuthenticationHandler[7]&#xD;
      ApiKey was not authenticated. Failure message: API key header is missing.&#xD;
info: Microsoft.Hosting.Lifetime[0]&#xD;
      Application is shutting down...&#xD;
info: Microsoft.Hosting.Lifetime[0]&#xD;
      Application started. Press Ctrl+C to shut down.&#xD;
info: Microsoft.Hosting.Lifetime[0]&#xD;
      Hosting environment: Development&#xD;
info: Microsoft.Hosting.Lifetime[0]&#xD;
      Content root path: C:\Desarrollo\iLiniumTech\iLiniumTech.Backend\src\iLiniumTech.Backend.Api&#xD;
info: Microsoft.Hosting.Lifetime[0]&#xD;
      Application is shutting down...&#xD;
info: Microsoft.Hosting.Lifetime[0]&#xD;
      Application started. Press Ctrl+C to shut down.&#xD;
info: Microsoft.Hosting.Lifetime[0]&#xD;
      Hosting environment: Development&#xD;
info: Microsoft.Hosting.Lifetime[0]&#xD;
      Content root path: C:\Desarrollo\iLiniumTech\iLiniumTech.Backend\src\iLiniumTech.Backend.Api&#xD;
info: Microsoft.Hosting.Lifetime[0]&#xD;
      Application is shutting down...&#xD;
info: Microsoft.Hosting.Lifetime[0]&#xD;
      Application started. Press Ctrl+C to shut down.&#xD;
info: Microsoft.Hosting.Lifetime[0]&#xD;
      Hosting environment: Development&#xD;
info: Microsoft.Hosting.Lifetime[0]&#xD;
      Content root path: C:\Desarrollo\iLiniumTech\iLiniumTech.Backend\src\iLiniumTech.Backend.Api&#xD;
info: iLiniumTech.Backend.Api.Security.ApiKeyAuthenticationHandler[7]&#xD;
      ApiKey was not authenticated. Failure message: API key header is missing.&#xD;
info: Microsoft.Hosting.Lifetime[0]&#xD;
      Application is shutting down...&#xD;
info: Microsoft.Hosting.Lifetime[0]&#xD;
      Application started. Press Ctrl+C to shut down.&#xD;
info: Microsoft.Hosting.Lifetime[0]&#xD;
      Hosting environment: Production&#xD;
info: Microsoft.Hosting.Lifetime[0]&#xD;
      Content root path: C:\Desarrollo\iLiniumTech\iLiniumTech.Backend\src\iLiniumTech.Backend.Api&#xD;
info: iLiniumTech.Backend.Api.Security.ApiKeyAuthenticationHandler[7]&#xD;
      ApiKey was not authenticated. Failure message: API key header is missing.&#xD;
info: Microsoft.Hosting.Lifetime[0]&#xD;
      Application is shutting down...&#xD;
info: Microsoft.Hosting.Lifetime[0]&#xD;
      Application started. Press Ctrl+C to shut down.&#xD;
info: Microsoft.Hosting.Lifetime[0]&#xD;
      Hosting environment: Development&#xD;
info: Microsoft.Hosting.Lifetime[0]&#xD;
      Content root path: C:\Desarrollo\iLiniumTech\iLiniumTech.Backend\src\iLiniumTech.Backend.Api&#xD;
info: Microsoft.Hosting.Lifetime[0]&#xD;
      Application is shutting down...&#xD;
info: Microsoft.Hosting.Lifetime[0]&#xD;
      Application started. Press Ctrl+C to shut down.&#xD;
info: Microsoft.Hosting.Lifetime[0]&#xD;
      Hosting environment: Development&#xD;
info: Microsoft.Hosting.Lifetime[0]&#xD;
      Content root path: C:\Desarrollo\iLiniumTech\iLiniumTech.Backend\src\iLiniumTech.Backend.Api&#xD;
info: iLiniumTech.Backend.Api.Security.ApiKeyAuthenticationHandler[7]&#xD;
      ApiKey was not authenticated. Failure message: API key header is missing.&#xD;
info: Microsoft.Hosting.Lifetime[0]&#xD;
      Application is shutting down...&#xD;
info: Microsoft.Hosting.Lifetime[0]&#xD;
      Application started. Press Ctrl+C to shut down.&#xD;
info: Microsoft.Hosting.Lifetime[0]&#xD;
      Hosting environment: Development&#xD;
info: Microsoft.Hosting.Lifetime[0]&#xD;
      Content root path: C:\Desarrollo\iLiniumTech\iLiniumTech.Backend\src\iLiniumTech.Backend.Api&#xD;
info: iLiniumTech.Backend.Api.Security.ApiKeyAuthenticationHandler[7]&#xD;
      ApiKey was not authenticated. Failure message: API key header is missing.&#xD;
info: Microsoft.Hosting.Lifetime[0]&#xD;
      Application is shutting down...&#xD;
info: Microsoft.Hosting.Lifetime[0]&#xD;
      Application started. Press Ctrl+C to shut down.&#xD;
info: Microsoft.Hosting.Lifetime[0]&#xD;
      Hosting environment: Development&#xD;
info: Microsoft.Hosting.Lifetime[0]&#xD;
      Content root path: C:\Desarrollo\iLiniumTech\iLiniumTech.Backend\src\iLiniumTech.Backend.Api&#xD;
info: Microsoft.Hosting.Lifetime[0]&#xD;
      Application is shutting down...&#xD;
info: Microsoft.Hosting.Lifetime[0]&#xD;
      Application started. Press Ctrl+C to shut down.&#xD;
info: Microsoft.Hosting.Lifetime[0]&#xD;
      Hosting environment: Development&#xD;
info: Microsoft.Hosting.Lifetime[0]&#xD;
      Content root path: C:\Desarrollo\iLiniumTech\iLiniumTech.Backend\src\iLiniumTech.Backend.Api&#xD;
info: Microsoft.Hosting.Lifetime[0]&#xD;
      Application is shutting down...&#xD;
info: Microsoft.Hosting.Lifetime[0]&#xD;
      Application started. Press Ctrl+C to shut down.&#xD;
info: Microsoft.Hosting.Lifetime[0]&#xD;
      Hosting environment: Development&#xD;
info: Microsoft.Hosting.Lifetime[0]&#xD;
      Content root path: C:\Desarrollo\iLiniumTech\iLiniumTech.Backend\src\iLiniumTech.Backend.Api&#xD;
info: Microsoft.Hosting.Lifetime[0]&#xD;
      Application is shutting down...&#xD;
info: Microsoft.Hosting.Lifetime[0]&#xD;
      Application started. Press Ctrl+C to shut down.&#xD;
info: Microsoft.Hosting.Lifetime[0]&#xD;
      Hosting environment: Production&#xD;
info: Microsoft.Hosting.Lifetime[0]&#xD;
      Content root path: C:\Desarrollo\iLiniumTech\iLiniumTech.Backend\src\iLiniumTech.Backend.Api&#xD;
info: Microsoft.Hosting.Lifetime[0]&#xD;
      Application is shutting down...&#xD;
info: Microsoft.Hosting.Lifetime[0]&#xD;
      Application started. Press Ctrl+C to shut down.&#xD;
info: Microsoft.Hosting.Lifetime[0]&#xD;
      Hosting environment: Development&#xD;
info: Microsoft.Hosting.Lifetime[0]&#xD;
      Content root path: C:\Desarrollo\iLiniumTech\iLiniumTech.Backend\src\iLiniumTech.Backend.Api&#xD;
info: Microsoft.Hosting.Lifetime[0]&#xD;
      Application is shutting down...&#xD;
info: Microsoft.Hosting.Lifetime[0]&#xD;
      Application started. Press Ctrl+C to shut down.&#xD;
info: Microsoft.Hosting.Lifetime[0]&#xD;
      Hosting environment: Development&#xD;
info: Microsoft.Hosting.Lifetime[0]&#xD;
      Content root path: C:\Desarrollo\iLiniumTech\iLiniumTech.Backend\src\iLiniumTech.Backend.Api&#xD;
info: iLiniumTech.Backend.Api.Security.ApiKeyAuthenticationHandler[7]&#xD;
      ApiKey was not authenticated. Failure message: API key header is missing.&#xD;
info: Microsoft.Hosting.Lifetime[0]&#xD;
      Application is shutting down...&#xD;
info: Microsoft.Hosting.Lifetime[0]&#xD;
      Application started. Press Ctrl+C to shut down.&#xD;
info: Microsoft.Hosting.Lifetime[0]&#xD;
      Hosting environment: Development&#xD;
info: Microsoft.Hosting.Lifetime[0]&#xD;
      Content root path: C:\Desarrollo\iLiniumTech\iLiniumTech.Backend\src\iLiniumTech.Backend.Api&#xD;
info: Microsoft.Hosting.Lifetime[0]&#xD;
      Application is shutting down...&#xD;
info: Microsoft.Hosting.Lifetime[0]&#xD;
      Application started. Press Ctrl+C to shut down.&#xD;
info: Microsoft.Hosting.Lifetime[0]&#xD;
      Hosting environment: Development&#xD;
info: Microsoft.Hosting.Lifetime[0]&#xD;
      Content root path: C:\Desarrollo\iLiniumTech\iLiniumTech.Backend\src\iLiniumTech.Backend.Api&#xD;
info: iLiniumTech.Backend.Api.Security.ApiKeyAuthenticationHandler[7]&#xD;
      ApiKey was not authenticated. Failure message: API key header is missing.&#xD;
info: Microsoft.Hosting.Lifetime[0]&#xD;
      Application is shutting down...&#xD;
crit: Microsoft.AspNetCore.Hosting.Diagnostics[6]&#xD;
      Application startup exception&#xD;
      System.InvalidOperationException: CORS wildcard origins are not allowed. Configure explicit origins.&#xD;
         at Program.&lt;&lt;Main&gt;$&gt;g__GetAllowedCorsOrigins|0_47(IConfiguration configuration) in C:\Desarrollo\iLiniumTech\iLiniumTech.Backend\src\iLiniumTech.Backend.Api\Program.cs:line 857&#xD;
         at Program.&lt;&gt;c__DisplayClass0_0.&lt;&lt;Main&gt;$&gt;b__54(CorsPolicyBuilder policy) in C:\Desarrollo\iLiniumTech\iLiniumTech.Backend\src\iLiniumTech.Backend.Api\Program.cs:line 81&#xD;
         at Microsoft.AspNetCore.Cors.Infrastructure.CorsOptions.AddPolicy(String name, Action`1 configurePolicy)&#xD;
         at Program.&lt;&gt;c__DisplayClass0_0.&lt;&lt;Main&gt;$&gt;b__5(CorsOptions options) in C:\Desarrollo\iLiniumTech\iLiniumTech.Backend\src\iLiniumTech.Backend.Api\Program.cs:line 79&#xD;
         at Microsoft.Extensions.Options.OptionsFactory`1.Create(String name)&#xD;
         at Microsoft.Extensions.Options.UnnamedOptionsManager`1.get_Value()&#xD;
         at Microsoft.AspNetCore.Cors.Infrastructure.CorsService..ctor(IOptions`1 options, ILoggerFactory loggerFactory)&#xD;
         at InvokeStub_CorsService..ctor(Object, Span`1)&#xD;
         at System.Reflection.MethodBaseInvoker.InvokeWithFewArgs(Object obj, BindingFlags invokeAttr, Binder binder, Object[] parameters, CultureInfo culture)&#xD;
         at System.Reflection.RuntimeConstructorInfo.Invoke(BindingFlags invokeAttr, Binder binder, Object[] parameters, CultureInfo culture)&#xD;
         at Microsoft.Extensions.DependencyInjection.ServiceLookup.CallSiteRuntimeResolver.VisitConstructor(ConstructorCallSite constructorCallSite, RuntimeResolverContext context)&#xD;
         at Microsoft.Extensions.DependencyInjection.ServiceLookup.CallSiteVisitor`2.VisitCallSite(ServiceCallSite callSite, TArgument argument)&#xD;
         at Microsoft.Extensions.DependencyInjection.ServiceLookup.CallSiteRuntimeResolver.Resolve(ServiceCallSite callSite, ServiceProviderEngineScope scope)&#xD;
         at Microsoft.Extensions.DependencyInjection.ServiceLookup.DynamicServiceProviderEngine.&lt;&gt;c__DisplayClass2_0.&lt;RealizeService&gt;b__0(ServiceProviderEngineScope scope)&#xD;
         at Microsoft.Extensions.DependencyInjection.ServiceProvider.GetService(ServiceIdentifier serviceIdentifier, ServiceProviderEngineScope serviceProviderEngineScope)&#xD;
         at Microsoft.Extensions.DependencyInjection.ServiceProvider.GetService(Type serviceType)&#xD;
         at Microsoft.Extensions.DependencyInjection.ActivatorUtilities.ConstructorMatcher.CreateInstance(IServiceProvider provider)&#xD;
         at Microsoft.Extensions.DependencyInjection.ActivatorUtilities.CreateInstance(IServiceProvider provider, Type instanceType, Object[] parameters)&#xD;
         at Microsoft.AspNetCore.Builder.UseMiddlewareExtensions.ReflectionMiddlewareBinder.CreateMiddleware(RequestDelegate next)&#xD;
         at Microsoft.AspNetCore.Builder.ApplicationBuilder.Build()&#xD;
         at Microsoft.AspNetCore.Builder.ApplicationBuilder.Build()&#xD;
         at Microsoft.AspNetCore.Hosting.GenericWebHostService.StartAsync(CancellationToken cancellationToken)&#xD;
fail: Microsoft.Extensions.Hosting.Internal.Host[11]&#xD;
      Hosting failed to start&#xD;
      System.InvalidOperationException: CORS wildcard origins are not allowed. Configure explicit origins.&#xD;
         at Program.&lt;&lt;Main&gt;$&gt;g__GetAllowedCorsOrigins|0_47(IConfiguration configuration) in C:\Desarrollo\iLiniumTech\iLiniumTech.Backend\src\iLiniumTech.Backend.Api\Program.cs:line 857&#xD;
         at Program.&lt;&gt;c__DisplayClass0_0.&lt;&lt;Main&gt;$&gt;b__54(CorsPolicyBuilder policy) in C:\Desarrollo\iLiniumTech\iLiniumTech.Backend\src\iLiniumTech.Backend.Api\Program.cs:line 81&#xD;
         at Microsoft.AspNetCore.Cors.Infrastructure.CorsOptions.AddPolicy(String name, Action`1 configurePolicy)&#xD;
         at Program.&lt;&gt;c__DisplayClass0_0.&lt;&lt;Main&gt;$&gt;b__5(CorsOptions options) in C:\Desarrollo\iLiniumTech\iLiniumTech.Backend\src\iLiniumTech.Backend.Api\Program.cs:line 79&#xD;
         at Microsoft.Extensions.Options.OptionsFactory`1.Create(String name)&#xD;
         at Microsoft.Extensions.Options.UnnamedOptionsManager`1.get_Value()&#xD;
         at Microsoft.AspNetCore.Cors.Infrastructure.CorsService..ctor(IOptions`1 options, ILoggerFactory loggerFactory)&#xD;
         at InvokeStub_CorsService..ctor(Object, Span`1)&#xD;
         at System.Reflection.MethodBaseInvoker.InvokeWithFewArgs(Object obj, BindingFlags invokeAttr, Binder binder, Object[] parameters, CultureInfo culture)&#xD;
         at System.Reflection.RuntimeConstructorInfo.Invoke(BindingFlags invokeAttr, Binder binder, Object[] parameters, CultureInfo culture)&#xD;
         at Microsoft.Extensions.DependencyInjection.ServiceLookup.CallSiteRuntimeResolver.VisitConstructor(ConstructorCallSite constructorCallSite, RuntimeResolverContext context)&#xD;
         at Microsoft.Extensions.DependencyInjection.ServiceLookup.CallSiteVisitor`2.VisitCallSite(ServiceCallSite callSite, TArgument argument)&#xD;
         at Microsoft.Extensions.DependencyInjection.ServiceLookup.CallSiteRuntimeResolver.Resolve(ServiceCallSite callSite, ServiceProviderEngineScope scope)&#xD;
         at Microsoft.Extensions.DependencyInjection.ServiceLookup.DynamicServiceProviderEngine.&lt;&gt;c__DisplayClass2_0.&lt;RealizeService&gt;b__0(ServiceProviderEngineScope scope)&#xD;
         at Microsoft.Extensions.DependencyInjection.ServiceProvider.GetService(ServiceIdentifier serviceIdentifier, ServiceProviderEngineScope serviceProviderEngineScope)&#xD;
         at Microsoft.Extensions.DependencyInjection.ServiceProvider.GetService(Type serviceType)&#xD;
         at Microsoft.Extensions.DependencyInjection.ActivatorUtilities.ConstructorMatcher.CreateInstance(IServiceProvider provider)&#xD;
         at Microsoft.Extensions.DependencyInjection.ActivatorUtilities.CreateInstance(IServiceProvider provider, Type instanceType, Object[] parameters)&#xD;
         at Microsoft.AspNetCore.Builder.UseMiddlewareExtensions.ReflectionMiddlewareBinder.CreateMiddleware(RequestDelegate next)&#xD;
         at Microsoft.AspNetCore.Builder.ApplicationBuilder.Build()&#xD;
         at Microsoft.AspNetCore.Builder.ApplicationBuilder.Build()&#xD;
         at Microsoft.AspNetCore.Hosting.GenericWebHostService.StartAsync(CancellationToken cancellationToken)&#xD;
         at Microsoft.Extensions.Hosting.Internal.Host.&lt;StartAsync&gt;b__14_1(IHostedService service, CancellationToken token)&#xD;
         at Microsoft.Extensions.Hosting.Internal.Host.ForeachService[T](IEnumerable`1 services, CancellationToken token, Boolean concurrent, Boolean abortOnFirstException, List`1 exceptions, Func`3 operation)&#xD;
info: Microsoft.Hosting.Lifetime[0]&#xD;
      Application started. Press Ctrl+C to shut down.&#xD;
info: Microsoft.Hosting.Lifetime[0]&#xD;
      Hosting environment: Production&#xD;
info: Microsoft.Hosting.Lifetime[0]&#xD;
      Content root path: C:\Desarrollo\iLiniumTech\iLiniumTech.Backend\src\iLiniumTech.Backend.Api&#xD;
info: iLiniumTech.Backend.Api.Security.ApiKeyAuthenticationHandler[7]&#xD;
      ApiKey was not authenticated. Failure message: API key header is missing.&#xD;
info: Microsoft.Hosting.Lifetime[0]&#xD;
      Application is shutting down...&#xD;
[xUnit.net 00:00:05.28]   Finished:    iLiniumTech.Backend.Tests&#xD;
</StdOut>
    </Output>
  </ResultSummary>
</TestRun>